2023-10-27 19:12:08,644 INFO o.a.j.u.JMeterUtils: Setting Locale to en_EN
2023-10-27 19:12:08,673 INFO o.a.j.JMeter: Loading user properties from: /home/admin/jmeter/bin/user.properties
2023-10-27 19:12:08,674 INFO o.a.j.JMeter: Loading system properties from: /home/admin/jmeter/bin/system.properties
2023-10-27 19:12:08,688 INFO o.a.j.JMeter: Copyright (c) 1998-2023 The Apache Software Foundation
2023-10-27 19:12:08,689 INFO o.a.j.JMeter: Version 5.6.2
2023-10-27 19:12:08,689 INFO o.a.j.JMeter: java.version=17.0.8
2023-10-27 19:12:08,689 INFO o.a.j.JMeter: java.vm.name=OpenJDK 64-Bit Server VM
2023-10-27 19:12:08,689 INFO o.a.j.JMeter: os.name=Linux
2023-10-27 19:12:08,690 INFO o.a.j.JMeter: os.arch=amd64
2023-10-27 19:12:08,690 INFO o.a.j.JMeter: os.version=6.1.0-13-cloud-amd64
2023-10-27 19:12:08,690 INFO o.a.j.JMeter: file.encoding=UTF-8
2023-10-27 19:12:08,690 INFO o.a.j.JMeter: java.awt.headless=true
2023-10-27 19:12:08,690 INFO o.a.j.JMeter: Max memory     =1073741824
2023-10-27 19:12:08,690 INFO o.a.j.JMeter: Available Processors =2
2023-10-27 19:12:08,706 INFO o.a.j.JMeter: Default Locale=English (EN)
2023-10-27 19:12:08,706 INFO o.a.j.JMeter: JMeter  Locale=English (EN)
2023-10-27 19:12:08,706 INFO o.a.j.JMeter: JMeterHome=/home/admin/jmeter
2023-10-27 19:12:08,707 INFO o.a.j.JMeter: user.dir  =/home/admin/MISW4204/jmeter
2023-10-27 19:12:08,707 INFO o.a.j.JMeter: PWD       =/home/admin/MISW4204/jmeter
2023-10-27 19:12:08,713 INFO o.a.j.JMeter: IP: 172.31.85.55 Name: ip-172-31-85-55 FullName: ip-172-31-85-55.ec2.internal
2023-10-27 19:12:08,729 INFO o.a.j.s.FileServer: Default base='/home/admin/MISW4204/jmeter'
2023-10-27 19:12:08,731 INFO o.a.j.s.FileServer: Set new base='/home/admin/MISW4204/jmeter'
2023-10-27 19:12:09,060 INFO o.a.j.s.SaveService: Testplan (JMX) version: 2.2. Testlog (JTL) version: 2.2
2023-10-27 19:12:09,104 INFO o.a.j.s.SaveService: Using SaveService properties version 5.0
2023-10-27 19:12:09,109 INFO o.a.j.s.SaveService: Using SaveService properties file encoding UTF-8
2023-10-27 19:12:09,118 INFO o.a.j.s.SaveService: Loading file: HTTPRequest.jmx
2023-10-27 19:12:09,190 INFO o.a.j.p.h.s.HTTPSamplerBase: Parser for text/html is org.apache.jmeter.protocol.http.parser.LagartoBasedHtmlParser
2023-10-27 19:12:09,190 INFO o.a.j.p.h.s.HTTPSamplerBase: Parser for application/xhtml+xml is org.apache.jmeter.protocol.http.parser.LagartoBasedHtmlParser
2023-10-27 19:12:09,190 INFO o.a.j.p.h.s.HTTPSamplerBase: Parser for application/xml is org.apache.jmeter.protocol.http.parser.LagartoBasedHtmlParser
2023-10-27 19:12:09,190 INFO o.a.j.p.h.s.HTTPSamplerBase: Parser for text/xml is org.apache.jmeter.protocol.http.parser.LagartoBasedHtmlParser
2023-10-27 19:12:09,191 INFO o.a.j.p.h.s.HTTPSamplerBase: Parser for text/vnd.wap.wml is org.apache.jmeter.protocol.http.parser.RegexpHTMLParser
2023-10-27 19:12:09,191 INFO o.a.j.p.h.s.HTTPSamplerBase: Parser for text/css is org.apache.jmeter.protocol.http.parser.CssParser
2023-10-27 19:12:09,698 INFO o.a.j.e.KeyToolUtils: keytool found at 'keytool'
2023-10-27 19:12:09,699 INFO o.a.j.p.h.p.ProxyControl: HTTP(S) Test Script Recorder SSL Proxy will use keys that support embedded 3rd party resources in file /home/admin/jmeter/bin/proxyserver.jks
2023-10-27 19:12:09,709 INFO o.a.j.JMeter: Creating summariser <summary>
2023-10-27 19:12:09,713 INFO o.a.j.r.d.ReportGenerator: ReportGenerator will use for Parsing the separator: ','
2023-10-27 19:12:09,713 INFO o.a.j.r.d.ReportGenerator: Will generate report at end of test from  results file: test.csv
2023-10-27 19:12:09,714 INFO o.a.j.r.d.ReportGenerator: Reading report generator properties from: /home/admin/jmeter/bin/reportgenerator.properties
2023-10-27 19:12:09,714 INFO o.a.j.r.d.ReportGenerator: Merging with JMeter properties
2023-10-27 19:12:09,718 INFO o.a.j.r.c.ReportGeneratorConfiguration: Property 'jmeter.reportgenerator.temp_dir' not found, using default value 'temp' instead.
2023-10-27 19:12:09,721 INFO o.a.j.r.c.ReportGeneratorConfiguration: Property 'jmeter.reportgenerator.apdex_per_transaction' not found, using default value 'null' instead.
2023-10-27 19:12:09,721 INFO o.a.j.r.c.ReportGeneratorConfiguration: apdex_per_transaction is empty, not APDEX per transaction customization
2023-10-27 19:12:09,721 INFO o.a.j.r.c.ReportGeneratorConfiguration: Property 'jmeter.reportgenerator.sample_filter' not found, using default value 'null' instead.
2023-10-27 19:12:09,721 INFO o.a.j.r.c.ReportGeneratorConfiguration: Property 'jmeter.reportgenerator.report_title' not found, using default value 'null' instead.
2023-10-27 19:12:09,722 INFO o.a.j.r.c.ReportGeneratorConfiguration: Property 'jmeter.reportgenerator.start_date' not found, using default value 'null' instead.
2023-10-27 19:12:09,722 INFO o.a.j.r.c.ReportGeneratorConfiguration: Property 'jmeter.reportgenerator.end_date' not found, using default value 'null' instead.
2023-10-27 19:12:09,722 INFO o.a.j.r.c.ReportGeneratorConfiguration: Property 'jmeter.reportgenerator.date_format' not found, using default value 'null' instead.
2023-10-27 19:12:09,722 INFO o.a.j.r.c.ReportGeneratorConfiguration: Will use date range start date: null, end date: null
2023-10-27 19:12:09,727 INFO o.a.j.r.c.ReportGeneratorConfiguration: Property 'jmeter.reportgenerator.graph.totalTPS.exclude_controllers' not found, using default value 'false' instead.
2023-10-27 19:12:09,727 INFO o.a.j.r.c.ReportGeneratorConfiguration: Property 'jmeter.reportgenerator.graph.activeThreadsOverTime.exclude_controllers' not found, using default value 'false' instead.
2023-10-27 19:12:09,727 INFO o.a.j.r.c.ReportGeneratorConfiguration: Property 'jmeter.reportgenerator.graph.timeVsThreads.exclude_controllers' not found, using default value 'false' instead.
2023-10-27 19:12:09,728 INFO o.a.j.r.c.ReportGeneratorConfiguration: Property 'jmeter.reportgenerator.graph.responseTimeDistribution.exclude_controllers' not found, using default value 'false' instead.
2023-10-27 19:12:09,728 INFO o.a.j.r.c.ReportGeneratorConfiguration: Property 'jmeter.reportgenerator.graph.transactionsPerSecond.exclude_controllers' not found, using default value 'false' instead.
2023-10-27 19:12:09,728 INFO o.a.j.r.c.ReportGeneratorConfiguration: Property 'jmeter.reportgenerator.graph.responseTimePercentiles.exclude_controllers' not found, using default value 'false' instead.
2023-10-27 19:12:09,728 INFO o.a.j.r.c.ReportGeneratorConfiguration: Property 'jmeter.reportgenerator.graph.responseTimePercentilesOverTime.exclude_controllers' not found, using default value 'false' instead.
2023-10-27 19:12:09,728 INFO o.a.j.r.c.ReportGeneratorConfiguration: Property 'jmeter.reportgenerator.graph.responseTimesOverTime.exclude_controllers' not found, using default value 'false' instead.
2023-10-27 19:12:09,728 INFO o.a.j.r.c.ReportGeneratorConfiguration: Property 'jmeter.reportgenerator.graph.connectTimeOverTime.exclude_controllers' not found, using default value 'false' instead.
2023-10-27 19:12:09,729 INFO o.a.j.r.c.ReportGeneratorConfiguration: Property 'jmeter.reportgenerator.graph.latenciesOverTime.exclude_controllers' not found, using default value 'false' instead.
2023-10-27 19:12:09,729 INFO o.a.j.r.c.ReportGeneratorConfiguration: Property 'jmeter.reportgenerator.exporter.json.filters_only_sample_series' not found, using default value 'true' instead.
2023-10-27 19:12:09,730 INFO o.a.j.r.c.ReportGeneratorConfiguration: Property 'jmeter.reportgenerator.exporter.json.series_filter' not found, using default value '' instead.
2023-10-27 19:12:09,730 INFO o.a.j.r.c.ReportGeneratorConfiguration: Property 'jmeter.reportgenerator.exporter.json.show_controllers_only' not found, using default value 'false' instead.
2023-10-27 19:12:09,730 INFO o.a.j.r.c.ReportGeneratorConfiguration: Property 'jmeter.reportgenerator.exporter.html.filters_only_sample_series' not found, using default value 'true' instead.
2023-10-27 19:12:09,730 INFO o.a.j.r.c.ReportGeneratorConfiguration: Property 'jmeter.reportgenerator.exporter.html.series_filter' not found, using default value '' instead.
2023-10-27 19:12:09,730 INFO o.a.j.r.c.ReportGeneratorConfiguration: Property 'jmeter.reportgenerator.exporter.html.show_controllers_only' not found, using default value 'false' instead.
2023-10-27 19:12:09,757 INFO o.a.j.e.StandardJMeterEngine: Running the test!
2023-10-27 19:12:09,758 INFO o.a.j.s.SampleEvent: List of sample_variables: []
2023-10-27 19:12:09,758 INFO o.a.j.s.SampleEvent: List of sample_variables: []
2023-10-27 19:12:09,763 INFO o.a.j.e.u.CompoundVariable: Note: Function class names must contain the string: '.functions.'
2023-10-27 19:12:09,763 INFO o.a.j.e.u.CompoundVariable: Note: Function class names must not contain the string: '.gui.'
2023-10-27 19:12:09,861 INFO o.a.j.JMeter: Running test (1698433929861)
2023-10-27 19:12:09,905 INFO o.a.j.e.StandardJMeterEngine: Starting ThreadGroup: 1 : Prueba 1
2023-10-27 19:12:09,905 INFO o.a.j.e.StandardJMeterEngine: Starting 25 threads for group Prueba 1.
2023-10-27 19:12:09,905 INFO o.a.j.e.StandardJMeterEngine: Thread will continue on error
2023-10-27 19:12:09,905 INFO o.a.j.t.ThreadGroup: Starting thread group... number=1 threads=25 ramp-up=1 delayedStart=false
2023-10-27 19:12:09,912 INFO o.a.j.t.JMeterThread: Thread started: Prueba 1 1-1
2023-10-27 19:12:09,937 INFO o.a.j.p.h.s.HTTPHCAbstractImpl: Local host = ip-172-31-85-55
2023-10-27 19:12:09,949 INFO o.a.j.p.h.s.HTTPHC4Impl: HTTP request retry count = 0
2023-10-27 19:12:09,951 INFO o.a.j.s.SampleResult: Note: Sample TimeStamps are START times
2023-10-27 19:12:09,951 INFO o.a.j.s.SampleResult: sampleresult.default.encoding is set to UTF-8
2023-10-27 19:12:09,951 INFO o.a.j.s.SampleResult: sampleresult.useNanoTime=true
2023-10-27 19:12:09,951 INFO o.a.j.s.SampleResult: sampleresult.nanoThreadSleep=5000
2023-10-27 19:12:09,955 INFO o.a.j.t.JMeterThread: Thread started: Prueba 1 1-2
2023-10-27 19:12:09,991 INFO o.a.j.t.JMeterThread: Thread started: Prueba 1 1-3
2023-10-27 19:12:10,002 INFO o.a.j.t.ThreadGroup: Started thread group number 1
2023-10-27 19:12:10,002 INFO o.a.j.e.StandardJMeterEngine: All thread groups have been started
2023-10-27 19:12:10,031 INFO o.a.j.t.JMeterThread: Thread started: Prueba 1 1-4
2023-10-27 19:12:10,050 INFO o.a.j.s.FileServer: Stored: ../salento-1080p.mp4
2023-10-27 19:12:10,068 INFO o.a.j.t.JMeterThread: Thread started: Prueba 1 1-5
2023-10-27 19:12:10,109 INFO o.a.j.t.JMeterThread: Thread started: Prueba 1 1-6
2023-10-27 19:12:10,148 INFO o.a.j.t.JMeterThread: Thread started: Prueba 1 1-7
2023-10-27 19:12:10,188 INFO o.a.j.t.JMeterThread: Thread started: Prueba 1 1-8
2023-10-27 19:12:10,227 INFO o.a.j.t.JMeterThread: Thread started: Prueba 1 1-9
2023-10-27 19:12:10,278 INFO o.a.j.t.JMeterThread: Thread started: Prueba 1 1-10
2023-10-27 19:12:10,308 INFO o.a.j.t.JMeterThread: Thread started: Prueba 1 1-11
2023-10-27 19:12:10,362 INFO o.a.j.t.JMeterThread: Thread started: Prueba 1 1-12
2023-10-27 19:12:10,392 INFO o.a.j.t.JMeterThread: Thread started: Prueba 1 1-13
2023-10-27 19:12:10,432 INFO o.a.j.t.JMeterThread: Thread started: Prueba 1 1-14
2023-10-27 19:12:10,468 INFO o.a.j.t.JMeterThread: Thread started: Prueba 1 1-15
2023-10-27 19:12:10,507 INFO o.a.j.t.JMeterThread: Thread started: Prueba 1 1-16
2023-10-27 19:12:10,547 INFO o.a.j.t.JMeterThread: Thread started: Prueba 1 1-17
2023-10-27 19:12:10,586 INFO o.a.j.t.JMeterThread: Thread started: Prueba 1 1-18
2023-10-27 19:12:10,627 INFO o.a.j.t.JMeterThread: Thread started: Prueba 1 1-19
2023-10-27 19:12:10,684 INFO o.a.j.t.JMeterThread: Thread started: Prueba 1 1-20
2023-10-27 19:12:10,716 INFO o.a.j.t.JMeterThread: Thread started: Prueba 1 1-21
2023-10-27 19:12:10,764 INFO o.a.j.t.JMeterThread: Thread started: Prueba 1 1-22
2023-10-27 19:12:10,803 INFO o.a.j.t.JMeterThread: Thread started: Prueba 1 1-23
2023-10-27 19:12:10,828 INFO o.a.j.t.JMeterThread: Thread started: Prueba 1 1-24
2023-10-27 19:12:10,880 INFO o.a.j.t.JMeterThread: Thread started: Prueba 1 1-25
2023-10-27 19:12:30,123 INFO o.a.j.r.Summariser: summary +     28 in 00:00:20 =    1.4/s Avg: 11150 Min:  3328 Max: 19842 Err:     0 (0.00%) Active: 25 Started: 25 Finished: 0
2023-10-27 19:13:00,156 INFO o.a.j.r.Summariser: summary +     55 in 00:00:30 =    1.8/s Avg: 13961 Min: 12255 Max: 20145 Err:     0 (0.00%) Active: 25 Started: 25 Finished: 0
2023-10-27 19:13:00,157 INFO o.a.j.r.Summariser: summary =     83 in 00:00:50 =    1.7/s Avg: 13013 Min:  3328 Max: 20145 Err:     0 (0.00%)
2023-10-27 19:13:30,515 INFO o.a.j.r.Summariser: summary +     58 in 00:00:30 =    1.9/s Avg: 13205 Min: 11551 Max: 14158 Err:     0 (0.00%) Active: 25 Started: 25 Finished: 0
2023-10-27 19:13:30,515 INFO o.a.j.r.Summariser: summary =    141 in 00:01:21 =    1.7/s Avg: 13092 Min:  3328 Max: 20145 Err:     0 (0.00%)
2023-10-27 19:14:00,168 INFO o.a.j.r.Summariser: summary +     56 in 00:00:30 =    1.9/s Avg: 13239 Min: 12831 Max: 13537 Err:     0 (0.00%) Active: 25 Started: 25 Finished: 0
2023-10-27 19:14:00,168 INFO o.a.j.r.Summariser: summary =    197 in 00:01:50 =    1.8/s Avg: 13134 Min:  3328 Max: 20145 Err:     0 (0.00%)
2023-10-27 19:14:06,590 INFO o.a.j.t.JMeterThread: Thread is done: Prueba 1 1-18
2023-10-27 19:14:06,591 INFO o.a.j.t.JMeterThread: Thread finished: Prueba 1 1-18
2023-10-27 19:14:07,660 INFO o.a.j.t.JMeterThread: Thread is done: Prueba 1 1-23
2023-10-27 19:14:07,660 INFO o.a.j.t.JMeterThread: Thread finished: Prueba 1 1-23
2023-10-27 19:14:11,840 INFO o.a.j.t.JMeterThread: Thread is done: Prueba 1 1-19
2023-10-27 19:14:11,840 INFO o.a.j.t.JMeterThread: Thread finished: Prueba 1 1-19
2023-10-27 19:14:13,930 INFO o.a.j.t.JMeterThread: Thread is done: Prueba 1 1-20
2023-10-27 19:14:13,930 INFO o.a.j.t.JMeterThread: Thread finished: Prueba 1 1-20
2023-10-27 19:14:17,293 INFO o.a.j.t.JMeterThread: Thread is done: Prueba 1 1-12
2023-10-27 19:14:17,294 INFO o.a.j.t.JMeterThread: Thread finished: Prueba 1 1-12
2023-10-27 19:14:17,842 INFO o.a.j.t.JMeterThread: Thread is done: Prueba 1 1-24
2023-10-27 19:14:17,842 INFO o.a.j.t.JMeterThread: Thread finished: Prueba 1 1-24
2023-10-27 19:14:18,965 INFO o.a.j.t.JMeterThread: Thread is done: Prueba 1 1-4
2023-10-27 19:14:18,965 INFO o.a.j.t.JMeterThread: Thread finished: Prueba 1 1-4
2023-10-27 19:14:19,486 INFO o.a.j.t.JMeterThread: Thread is done: Prueba 1 1-2
2023-10-27 19:14:19,486 INFO o.a.j.t.JMeterThread: Thread finished: Prueba 1 1-2
2023-10-27 19:14:20,064 INFO o.a.j.t.JMeterThread: Thread is done: Prueba 1 1-5
2023-10-27 19:14:20,065 INFO o.a.j.t.JMeterThread: Thread finished: Prueba 1 1-5
2023-10-27 19:14:20,601 INFO o.a.j.t.JMeterThread: Thread is done: Prueba 1 1-13
2023-10-27 19:14:20,601 INFO o.a.j.t.JMeterThread: Thread finished: Prueba 1 1-13
2023-10-27 19:14:21,166 INFO o.a.j.t.JMeterThread: Thread is done: Prueba 1 1-21
2023-10-27 19:14:21,166 INFO o.a.j.t.JMeterThread: Thread finished: Prueba 1 1-21
2023-10-27 19:14:21,699 INFO o.a.j.t.JMeterThread: Thread is done: Prueba 1 1-1
2023-10-27 19:14:21,700 INFO o.a.j.t.JMeterThread: Thread finished: Prueba 1 1-1
2023-10-27 19:14:22,230 INFO o.a.j.t.JMeterThread: Thread is done: Prueba 1 1-6
2023-10-27 19:14:22,230 INFO o.a.j.t.JMeterThread: Thread finished: Prueba 1 1-6
2023-10-27 19:14:22,789 INFO o.a.j.t.JMeterThread: Thread is done: Prueba 1 1-3
2023-10-27 19:14:22,789 INFO o.a.j.t.JMeterThread: Thread finished: Prueba 1 1-3
2023-10-27 19:14:23,317 INFO o.a.j.t.JMeterThread: Thread is done: Prueba 1 1-9
2023-10-27 19:14:23,317 INFO o.a.j.t.JMeterThread: Thread finished: Prueba 1 1-9
2023-10-27 19:14:23,852 INFO o.a.j.t.JMeterThread: Thread is done: Prueba 1 1-14
2023-10-27 19:14:23,852 INFO o.a.j.t.JMeterThread: Thread finished: Prueba 1 1-14
2023-10-27 19:14:24,365 INFO o.a.j.t.JMeterThread: Thread is done: Prueba 1 1-16
2023-10-27 19:14:24,365 INFO o.a.j.t.JMeterThread: Thread finished: Prueba 1 1-16
2023-10-27 19:14:24,903 INFO o.a.j.t.JMeterThread: Thread is done: Prueba 1 1-11
2023-10-27 19:14:24,903 INFO o.a.j.t.JMeterThread: Thread finished: Prueba 1 1-11
2023-10-27 19:14:25,432 INFO o.a.j.t.JMeterThread: Thread is done: Prueba 1 1-15
2023-10-27 19:14:25,433 INFO o.a.j.t.JMeterThread: Thread finished: Prueba 1 1-15
2023-10-27 19:14:25,955 INFO o.a.j.t.JMeterThread: Thread is done: Prueba 1 1-25
2023-10-27 19:14:25,955 INFO o.a.j.t.JMeterThread: Thread finished: Prueba 1 1-25
2023-10-27 19:14:26,474 INFO o.a.j.t.JMeterThread: Thread is done: Prueba 1 1-8
2023-10-27 19:14:26,474 INFO o.a.j.t.JMeterThread: Thread finished: Prueba 1 1-8
2023-10-27 19:14:27,011 INFO o.a.j.t.JMeterThread: Thread is done: Prueba 1 1-7
2023-10-27 19:14:27,011 INFO o.a.j.t.JMeterThread: Thread finished: Prueba 1 1-7
2023-10-27 19:14:27,502 INFO o.a.j.t.JMeterThread: Thread is done: Prueba 1 1-22
2023-10-27 19:14:27,502 INFO o.a.j.t.JMeterThread: Thread finished: Prueba 1 1-22
2023-10-27 19:14:28,040 INFO o.a.j.t.JMeterThread: Thread is done: Prueba 1 1-10
2023-10-27 19:14:28,041 INFO o.a.j.t.JMeterThread: Thread finished: Prueba 1 1-10
2023-10-27 19:14:28,588 INFO o.a.j.t.JMeterThread: Thread is done: Prueba 1 1-17
2023-10-27 19:14:28,588 INFO o.a.j.t.JMeterThread: Thread finished: Prueba 1 1-17
2023-10-27 19:14:28,589 INFO o.a.j.e.StandardJMeterEngine: Notifying test listeners of end of test
2023-10-27 19:14:28,589 INFO o.a.j.r.Summariser: summary +     53 in 00:00:28 =    1.9/s Avg: 12827 Min: 10193 Max: 13421 Err:     0 (0.00%) Active: 0 Started: 25 Finished: 25
2023-10-27 19:14:28,590 INFO o.a.j.r.Summariser: summary =    250 in 00:02:19 =    1.8/s Avg: 13069 Min:  3328 Max: 20145 Err:     0 (0.00%)
2023-10-27 19:14:28,590 INFO o.a.j.JMeter: Generating Dashboard
2023-10-27 19:14:28,590 INFO o.a.j.r.d.ReportGenerator: Flushing result collector before report Generation
2023-10-27 19:14:28,601 INFO o.a.j.r.p.NormalizerSampleConsumer: Using format, 'ms', to parse timeStamp field
2023-10-27 19:14:28,716 INFO o.a.j.r.p.AbstractSampleConsumer: class org.apache.jmeter.report.processor.AggregateConsumer#stopProducing(): beginDate produced 0 samples
2023-10-27 19:14:28,716 INFO o.a.j.r.p.AbstractSampleConsumer: class org.apache.jmeter.report.processor.AggregateConsumer#stopProducing(): endDate produced 0 samples
2023-10-27 19:14:28,726 INFO o.a.j.r.p.AbstractSampleConsumer: class org.apache.jmeter.report.processor.ApdexSummaryConsumer#stopProducing(): apdexSummary produced 0 samples
2023-10-27 19:14:28,727 INFO o.a.j.r.p.AbstractSampleConsumer: class org.apache.jmeter.report.processor.RequestsSummaryConsumer#stopProducing(): requestsSummary produced 0 samples
2023-10-27 19:14:28,731 INFO o.a.j.r.p.AbstractSampleConsumer: class org.apache.jmeter.report.processor.StatisticsSummaryConsumer#stopProducing(): statisticsSummary produced 0 samples
2023-10-27 19:14:28,735 INFO o.a.j.r.p.AbstractSampleConsumer: class org.apache.jmeter.report.processor.Top5ErrorsBySamplerConsumer#stopProducing(): top5ErrorsBySampler produced 0 samples
2023-10-27 19:14:28,735 INFO o.a.j.r.p.AbstractSampleConsumer: class org.apache.jmeter.report.processor.ErrorsSummaryConsumer#stopProducing(): errorsSummary produced 0 samples
2023-10-27 19:14:28,735 INFO o.a.j.r.p.AbstractSampleConsumer: class org.apache.jmeter.report.processor.graph.impl.HitsPerSecondGraphConsumer#stopProducing(): hitsPerSecond produced 0 samples
2023-10-27 19:14:28,758 INFO o.a.j.r.p.AbstractSampleConsumer: class org.apache.jmeter.report.processor.graph.impl.LatencyVSRequestGraphConsumer#stopProducing(): latencyVsRequest produced 0 samples
2023-10-27 19:14:28,759 INFO o.a.j.r.p.AbstractSampleConsumer: class org.apache.jmeter.report.processor.graph.impl.SyntheticResponseTimeDistributionGraphConsumer#stopProducing(): syntheticResponseTimeDistribution produced 0 samples
2023-10-27 19:14:28,762 INFO o.a.j.r.p.AbstractSampleConsumer: class org.apache.jmeter.report.processor.graph.impl.BytesThroughputGraphConsumer#stopProducing(): bytesThroughputOverTime produced 0 samples
2023-10-27 19:14:28,762 INFO o.a.j.r.p.AbstractSampleConsumer: class org.apache.jmeter.report.processor.graph.impl.CodesPerSecondGraphConsumer#stopProducing(): codesPerSecond produced 0 samples
2023-10-27 19:14:28,774 INFO o.a.j.r.p.AbstractSampleConsumer: class org.apache.jmeter.report.processor.graph.impl.ResponseTimeVSRequestGraphConsumer#stopProducing(): responseTimeVsRequest produced 0 samples
2023-10-27 19:14:28,774 INFO o.a.j.r.p.AbstractSampleConsumer: class org.apache.jmeter.report.processor.FilterConsumer#stopProducing(): startIntervalControlerFilter produced 1750 samples
2023-10-27 19:14:28,775 INFO o.a.j.r.p.AbstractSampleConsumer: class org.apache.jmeter.report.processor.graph.impl.TotalTPSGraphConsumer#stopProducing(): totalTPS produced 0 samples
2023-10-27 19:14:28,775 INFO o.a.j.r.p.AbstractSampleConsumer: class org.apache.jmeter.report.processor.graph.impl.ActiveThreadsGraphConsumer#stopProducing(): activeThreadsOverTime produced 0 samples
2023-10-27 19:14:28,775 INFO o.a.j.r.p.AbstractSampleConsumer: class org.apache.jmeter.report.processor.graph.impl.TimeVSThreadGraphConsumer#stopProducing(): timeVsThreads produced 0 samples
2023-10-27 19:14:28,775 INFO o.a.j.r.p.AbstractSampleConsumer: class org.apache.jmeter.report.processor.graph.impl.ResponseTimeDistributionGraphConsumer#stopProducing(): responseTimeDistribution produced 0 samples
2023-10-27 19:14:28,775 INFO o.a.j.r.p.AbstractSampleConsumer: class org.apache.jmeter.report.processor.graph.impl.TransactionsPerSecondGraphConsumer#stopProducing(): transactionsPerSecond produced 0 samples
2023-10-27 19:14:28,775 INFO o.a.j.r.p.AbstractSampleConsumer: class org.apache.jmeter.report.processor.graph.impl.ResponseTimePercentilesGraphConsumer#stopProducing(): responseTimePercentiles produced 0 samples
2023-10-27 19:14:28,777 INFO o.a.j.r.p.AbstractSampleConsumer: class org.apache.jmeter.report.processor.graph.impl.ResponseTimePercentilesOverTimeGraphConsumer#stopProducing(): responseTimePercentilesOverTime produced 0 samples
2023-10-27 19:14:28,778 INFO o.a.j.r.p.AbstractSampleConsumer: class org.apache.jmeter.report.processor.graph.impl.ResponseTimeOverTimeGraphConsumer#stopProducing(): responseTimesOverTime produced 0 samples
2023-10-27 19:14:28,778 INFO o.a.j.r.p.AbstractSampleConsumer: class org.apache.jmeter.report.processor.graph.impl.ConnectTimeOverTimeGraphConsumer#stopProducing(): connectTimeOverTime produced 0 samples
2023-10-27 19:14:28,778 INFO o.a.j.r.p.AbstractSampleConsumer: class org.apache.jmeter.report.processor.graph.impl.LatencyOverTimeGraphConsumer#stopProducing(): latenciesOverTime produced 0 samples
2023-10-27 19:14:28,778 INFO o.a.j.r.p.AbstractSampleConsumer: class org.apache.jmeter.report.processor.FilterConsumer#stopProducing(): nameFilter produced 3750 samples
2023-10-27 19:14:28,778 INFO o.a.j.r.p.AbstractSampleConsumer: class org.apache.jmeter.report.processor.FilterConsumer#stopProducing(): dateRangeFilter produced 750 samples
2023-10-27 19:14:28,778 INFO o.a.j.r.p.AbstractSampleConsumer: class org.apache.jmeter.report.processor.NormalizerSampleConsumer#stopProducing(): normalizer produced 250 samples
2023-10-27 19:14:28,779 INFO o.a.j.r.p.CsvFileSampleSource: produce(): 250 samples produced in 155ms on channel 0
2023-10-27 19:14:28,779 INFO o.a.j.r.d.ReportGenerator: Exporting data using exporter:'json' of className:'org.apache.jmeter.report.dashboard.JsonExporter'
2023-10-27 19:14:28,911 INFO o.a.j.r.d.JsonExporter: Found data for consumer statisticsSummary in context
2023-10-27 19:14:28,911 INFO o.a.j.r.d.JsonExporter: Creating statistics for overall
2023-10-27 19:14:28,911 INFO o.a.j.r.d.JsonExporter: Creating statistics for other transactions
2023-10-27 19:14:28,912 INFO o.a.j.r.d.JsonExporter: Checking output folder
2023-10-27 19:14:28,912 INFO o.a.j.r.d.JsonExporter: Writing statistics JSON to report-output/statistics.json
2023-10-27 19:14:28,965 INFO o.a.j.r.d.ReportGenerator: Exporting data using exporter:'html' of className:'org.apache.jmeter.report.dashboard.HtmlTemplateExporter'
2023-10-27 19:14:28,968 ERROR o.a.j.JMeter: Error generating the report: Cannot write to '/home/admin/jmeter/bin/report-output' as folder is not empty
java.lang.IllegalArgumentException: Cannot write to '/home/admin/jmeter/bin/report-output' as folder is not empty
	at org.apache.jorphan.util.JOrphanUtils.canSafelyWriteToFolder(JOrphanUtils.java:664) ~[jorphan.jar:5.6.2]
	at org.apache.jorphan.util.JOrphanUtils.canSafelyWriteToFolder(JOrphanUtils.java:607) ~[jorphan.jar:5.6.2]
	at org.apache.jmeter.report.dashboard.HtmlTemplateExporter.export(HtmlTemplateExporter.java:327) ~[ApacheJMeter_core.jar:5.6.2]
	at org.apache.jmeter.report.dashboard.ReportGenerator.exportData(ReportGenerator.java:383) ~[ApacheJMeter_core.jar:5.6.2]
	at org.apache.jmeter.report.dashboard.ReportGenerator.generate(ReportGenerator.java:261) ~[ApacheJMeter_core.jar:5.6.2]
	at org.apache.jmeter.JMeter$ListenToTest.endTest(JMeter.java:1285) [ApacheJMeter_core.jar:5.6.2]
	at org.apache.jmeter.JMeter$ListenToTest.testEnded(JMeter.java:1240) [ApacheJMeter_core.jar:5.6.2]
	at org.apache.jmeter.engine.StandardJMeterEngine.notifyTestListenersOfEnd(StandardJMeterEngine.java:258) [ApacheJMeter_core.jar:5.6.2]
	at org.apache.jmeter.engine.StandardJMeterEngine.run(StandardJMeterEngine.java:535) [ApacheJMeter_core.jar:5.6.2]
	at java.util.concurrent.Executors$RunnableAdapter.call(Executors.java:539) [?:?]
	at java.util.concurrent.FutureTask.run(FutureTask.java:264) [?:?]
	at java.util.concurrent.ThreadPoolExecutor.runWorker(ThreadPoolExecutor.java:1136) [?:?]
	at java.util.concurrent.ThreadPoolExecutor$Worker.run(ThreadPoolExecutor.java:635) [?:?]
	at java.lang.Thread.run(Thread.java:833) [?:?]
