2023-10-27 19:05:16,838 INFO o.a.j.u.JMeterUtils: Setting Locale to en_EN
2023-10-27 19:05:16,871 INFO o.a.j.JMeter: Loading user properties from: /home/admin/jmeter/bin/user.properties
2023-10-27 19:05:16,871 INFO o.a.j.JMeter: Loading system properties from: /home/admin/jmeter/bin/system.properties
2023-10-27 19:05:16,881 INFO o.a.j.JMeter: Copyright (c) 1998-2023 The Apache Software Foundation
2023-10-27 19:05:16,881 INFO o.a.j.JMeter: Version 5.6.2
2023-10-27 19:05:16,881 INFO o.a.j.JMeter: java.version=17.0.8
2023-10-27 19:05:16,882 INFO o.a.j.JMeter: java.vm.name=OpenJDK 64-Bit Server VM
2023-10-27 19:05:16,882 INFO o.a.j.JMeter: os.name=Linux
2023-10-27 19:05:16,882 INFO o.a.j.JMeter: os.arch=amd64
2023-10-27 19:05:16,882 INFO o.a.j.JMeter: os.version=6.1.0-13-cloud-amd64
2023-10-27 19:05:16,882 INFO o.a.j.JMeter: file.encoding=UTF-8
2023-10-27 19:05:16,882 INFO o.a.j.JMeter: java.awt.headless=true
2023-10-27 19:05:16,883 INFO o.a.j.JMeter: Max memory     =1073741824
2023-10-27 19:05:16,883 INFO o.a.j.JMeter: Available Processors =2
2023-10-27 19:05:16,898 INFO o.a.j.JMeter: Default Locale=English (EN)
2023-10-27 19:05:16,899 INFO o.a.j.JMeter: JMeter  Locale=English (EN)
2023-10-27 19:05:16,899 INFO o.a.j.JMeter: JMeterHome=/home/admin/jmeter
2023-10-27 19:05:16,900 INFO o.a.j.JMeter: user.dir  =/home/admin/MISW4204/jmeter
2023-10-27 19:05:16,900 INFO o.a.j.JMeter: PWD       =/home/admin/MISW4204/jmeter
2023-10-27 19:05:16,905 INFO o.a.j.JMeter: IP: 172.31.85.55 Name: ip-172-31-85-55 FullName: ip-172-31-85-55.ec2.internal
2023-10-27 19:05:16,922 INFO o.a.j.s.FileServer: Default base='/home/admin/MISW4204/jmeter'
2023-10-27 19:05:16,924 INFO o.a.j.s.FileServer: Set new base='/home/admin/MISW4204/jmeter'
2023-10-27 19:05:17,276 INFO o.a.j.s.SaveService: Testplan (JMX) version: 2.2. Testlog (JTL) version: 2.2
2023-10-27 19:05:17,319 INFO o.a.j.s.SaveService: Using SaveService properties version 5.0
2023-10-27 19:05:17,325 INFO o.a.j.s.SaveService: Using SaveService properties file encoding UTF-8
2023-10-27 19:05:17,333 INFO o.a.j.s.SaveService: Loading file: HTTPRequest.jmx
2023-10-27 19:05:17,405 INFO o.a.j.p.h.s.HTTPSamplerBase: Parser for text/html is org.apache.jmeter.protocol.http.parser.LagartoBasedHtmlParser
2023-10-27 19:05:17,406 INFO o.a.j.p.h.s.HTTPSamplerBase: Parser for application/xhtml+xml is org.apache.jmeter.protocol.http.parser.LagartoBasedHtmlParser
2023-10-27 19:05:17,406 INFO o.a.j.p.h.s.HTTPSamplerBase: Parser for application/xml is org.apache.jmeter.protocol.http.parser.LagartoBasedHtmlParser
2023-10-27 19:05:17,406 INFO o.a.j.p.h.s.HTTPSamplerBase: Parser for text/xml is org.apache.jmeter.protocol.http.parser.LagartoBasedHtmlParser
2023-10-27 19:05:17,406 INFO o.a.j.p.h.s.HTTPSamplerBase: Parser for text/vnd.wap.wml is org.apache.jmeter.protocol.http.parser.RegexpHTMLParser
2023-10-27 19:05:17,406 INFO o.a.j.p.h.s.HTTPSamplerBase: Parser for text/css is org.apache.jmeter.protocol.http.parser.CssParser
2023-10-27 19:05:17,938 INFO o.a.j.e.KeyToolUtils: keytool found at 'keytool'
2023-10-27 19:05:17,938 INFO o.a.j.p.h.p.ProxyControl: HTTP(S) Test Script Recorder SSL Proxy will use keys that support embedded 3rd party resources in file /home/admin/jmeter/bin/proxyserver.jks
2023-10-27 19:05:17,951 INFO o.a.j.JMeter: Creating summariser <summary>
2023-10-27 19:05:17,956 INFO o.a.j.r.d.ReportGenerator: ReportGenerator will use for Parsing the separator: ','
2023-10-27 19:05:17,956 INFO o.a.j.r.d.ReportGenerator: Will generate report at end of test from  results file: test.csv
2023-10-27 19:05:17,956 INFO o.a.j.r.d.ReportGenerator: Reading report generator properties from: /home/admin/jmeter/bin/reportgenerator.properties
2023-10-27 19:05:17,957 INFO o.a.j.r.d.ReportGenerator: Merging with JMeter properties
2023-10-27 19:05:17,961 INFO o.a.j.r.c.ReportGeneratorConfiguration: Property 'jmeter.reportgenerator.temp_dir' not found, using default value 'temp' instead.
2023-10-27 19:05:17,963 INFO o.a.j.r.c.ReportGeneratorConfiguration: Property 'jmeter.reportgenerator.apdex_per_transaction' not found, using default value 'null' instead.
2023-10-27 19:05:17,964 INFO o.a.j.r.c.ReportGeneratorConfiguration: apdex_per_transaction is empty, not APDEX per transaction customization
2023-10-27 19:05:17,964 INFO o.a.j.r.c.ReportGeneratorConfiguration: Property 'jmeter.reportgenerator.sample_filter' not found, using default value 'null' instead.
2023-10-27 19:05:17,964 INFO o.a.j.r.c.ReportGeneratorConfiguration: Property 'jmeter.reportgenerator.report_title' not found, using default value 'null' instead.
2023-10-27 19:05:17,964 INFO o.a.j.r.c.ReportGeneratorConfiguration: Property 'jmeter.reportgenerator.start_date' not found, using default value 'null' instead.
2023-10-27 19:05:17,964 INFO o.a.j.r.c.ReportGeneratorConfiguration: Property 'jmeter.reportgenerator.end_date' not found, using default value 'null' instead.
2023-10-27 19:05:17,964 INFO o.a.j.r.c.ReportGeneratorConfiguration: Property 'jmeter.reportgenerator.date_format' not found, using default value 'null' instead.
2023-10-27 19:05:17,965 INFO o.a.j.r.c.ReportGeneratorConfiguration: Will use date range start date: null, end date: null
2023-10-27 19:05:17,968 INFO o.a.j.r.c.ReportGeneratorConfiguration: Property 'jmeter.reportgenerator.graph.totalTPS.exclude_controllers' not found, using default value 'false' instead.
2023-10-27 19:05:17,968 INFO o.a.j.r.c.ReportGeneratorConfiguration: Property 'jmeter.reportgenerator.graph.activeThreadsOverTime.exclude_controllers' not found, using default value 'false' instead.
2023-10-27 19:05:17,969 INFO o.a.j.r.c.ReportGeneratorConfiguration: Property 'jmeter.reportgenerator.graph.timeVsThreads.exclude_controllers' not found, using default value 'false' instead.
2023-10-27 19:05:17,969 INFO o.a.j.r.c.ReportGeneratorConfiguration: Property 'jmeter.reportgenerator.graph.responseTimeDistribution.exclude_controllers' not found, using default value 'false' instead.
2023-10-27 19:05:17,969 INFO o.a.j.r.c.ReportGeneratorConfiguration: Property 'jmeter.reportgenerator.graph.transactionsPerSecond.exclude_controllers' not found, using default value 'false' instead.
2023-10-27 19:05:17,969 INFO o.a.j.r.c.ReportGeneratorConfiguration: Property 'jmeter.reportgenerator.graph.responseTimePercentiles.exclude_controllers' not found, using default value 'false' instead.
2023-10-27 19:05:17,969 INFO o.a.j.r.c.ReportGeneratorConfiguration: Property 'jmeter.reportgenerator.graph.responseTimePercentilesOverTime.exclude_controllers' not found, using default value 'false' instead.
2023-10-27 19:05:17,969 INFO o.a.j.r.c.ReportGeneratorConfiguration: Property 'jmeter.reportgenerator.graph.responseTimesOverTime.exclude_controllers' not found, using default value 'false' instead.
2023-10-27 19:05:17,970 INFO o.a.j.r.c.ReportGeneratorConfiguration: Property 'jmeter.reportgenerator.graph.connectTimeOverTime.exclude_controllers' not found, using default value 'false' instead.
2023-10-27 19:05:17,970 INFO o.a.j.r.c.ReportGeneratorConfiguration: Property 'jmeter.reportgenerator.graph.latenciesOverTime.exclude_controllers' not found, using default value 'false' instead.
2023-10-27 19:05:17,971 INFO o.a.j.r.c.ReportGeneratorConfiguration: Property 'jmeter.reportgenerator.exporter.json.filters_only_sample_series' not found, using default value 'true' instead.
2023-10-27 19:05:17,971 INFO o.a.j.r.c.ReportGeneratorConfiguration: Property 'jmeter.reportgenerator.exporter.json.series_filter' not found, using default value '' instead.
2023-10-27 19:05:17,971 INFO o.a.j.r.c.ReportGeneratorConfiguration: Property 'jmeter.reportgenerator.exporter.json.show_controllers_only' not found, using default value 'false' instead.
2023-10-27 19:05:17,971 INFO o.a.j.r.c.ReportGeneratorConfiguration: Property 'jmeter.reportgenerator.exporter.html.filters_only_sample_series' not found, using default value 'true' instead.
2023-10-27 19:05:17,971 INFO o.a.j.r.c.ReportGeneratorConfiguration: Property 'jmeter.reportgenerator.exporter.html.series_filter' not found, using default value '' instead.
2023-10-27 19:05:17,972 INFO o.a.j.r.c.ReportGeneratorConfiguration: Property 'jmeter.reportgenerator.exporter.html.show_controllers_only' not found, using default value 'false' instead.
2023-10-27 19:05:17,992 INFO o.a.j.e.StandardJMeterEngine: Running the test!
2023-10-27 19:05:17,994 INFO o.a.j.s.SampleEvent: List of sample_variables: []
2023-10-27 19:05:17,994 INFO o.a.j.s.SampleEvent: List of sample_variables: []
2023-10-27 19:05:18,001 INFO o.a.j.e.u.CompoundVariable: Note: Function class names must contain the string: '.functions.'
2023-10-27 19:05:18,001 INFO o.a.j.e.u.CompoundVariable: Note: Function class names must not contain the string: '.gui.'
2023-10-27 19:05:18,103 INFO o.a.j.JMeter: Running test (1698433518103)
2023-10-27 19:05:18,149 INFO o.a.j.e.StandardJMeterEngine: Starting ThreadGroup: 1 : Prueba 1
2023-10-27 19:05:18,149 INFO o.a.j.e.StandardJMeterEngine: Starting 15 threads for group Prueba 1.
2023-10-27 19:05:18,149 INFO o.a.j.e.StandardJMeterEngine: Thread will continue on error
2023-10-27 19:05:18,149 INFO o.a.j.t.ThreadGroup: Starting thread group... number=1 threads=15 ramp-up=1 delayedStart=false
2023-10-27 19:05:18,158 INFO o.a.j.t.JMeterThread: Thread started: Prueba 1 1-1
2023-10-27 19:05:18,181 INFO o.a.j.t.ThreadGroup: Started thread group number 1
2023-10-27 19:05:18,181 INFO o.a.j.e.StandardJMeterEngine: All thread groups have been started
2023-10-27 19:05:18,192 INFO o.a.j.p.h.s.HTTPHCAbstractImpl: Local host = ip-172-31-85-55
2023-10-27 19:05:18,203 INFO o.a.j.p.h.s.HTTPHC4Impl: HTTP request retry count = 0
2023-10-27 19:05:18,205 INFO o.a.j.s.SampleResult: Note: Sample TimeStamps are START times
2023-10-27 19:05:18,206 INFO o.a.j.s.SampleResult: sampleresult.default.encoding is set to UTF-8
2023-10-27 19:05:18,206 INFO o.a.j.s.SampleResult: sampleresult.useNanoTime=true
2023-10-27 19:05:18,206 INFO o.a.j.s.SampleResult: sampleresult.nanoThreadSleep=5000
2023-10-27 19:05:18,219 INFO o.a.j.t.JMeterThread: Thread started: Prueba 1 1-2
2023-10-27 19:05:18,286 INFO o.a.j.t.JMeterThread: Thread started: Prueba 1 1-3
2023-10-27 19:05:18,293 INFO o.a.j.s.FileServer: Stored: ../salento-1080p.mp4
2023-10-27 19:05:18,352 INFO o.a.j.t.JMeterThread: Thread started: Prueba 1 1-4
2023-10-27 19:05:18,423 INFO o.a.j.t.JMeterThread: Thread started: Prueba 1 1-5
2023-10-27 19:05:18,488 INFO o.a.j.t.JMeterThread: Thread started: Prueba 1 1-6
2023-10-27 19:05:18,555 INFO o.a.j.t.JMeterThread: Thread started: Prueba 1 1-7
2023-10-27 19:05:18,621 INFO o.a.j.t.JMeterThread: Thread started: Prueba 1 1-8
2023-10-27 19:05:18,688 INFO o.a.j.t.JMeterThread: Thread started: Prueba 1 1-9
2023-10-27 19:05:18,754 INFO o.a.j.t.JMeterThread: Thread started: Prueba 1 1-10
2023-10-27 19:05:18,822 INFO o.a.j.t.JMeterThread: Thread started: Prueba 1 1-11
2023-10-27 19:05:18,889 INFO o.a.j.t.JMeterThread: Thread started: Prueba 1 1-12
2023-10-27 19:05:18,960 INFO o.a.j.t.JMeterThread: Thread started: Prueba 1 1-13
2023-10-27 19:05:19,026 INFO o.a.j.t.JMeterThread: Thread started: Prueba 1 1-14
2023-10-27 19:05:19,091 INFO o.a.j.t.JMeterThread: Thread started: Prueba 1 1-15
2023-10-27 19:05:30,200 INFO o.a.j.r.Summariser: summary +     16 in 00:00:12 =    1.3/s Avg:  6542 Min:  2199 Max: 11442 Err:     0 (0.00%) Active: 15 Started: 15 Finished: 0
2023-10-27 19:06:00,335 INFO o.a.j.r.Summariser: summary +     54 in 00:00:30 =    1.8/s Avg:  8570 Min:  7325 Max: 12790 Err:     0 (0.00%) Active: 15 Started: 15 Finished: 0
2023-10-27 19:06:00,336 INFO o.a.j.r.Summariser: summary =     70 in 00:00:42 =    1.7/s Avg:  8107 Min:  2199 Max: 12790 Err:     0 (0.00%)
2023-10-27 19:06:30,249 INFO o.a.j.r.Summariser: summary +     55 in 00:00:30 =    1.8/s Avg:  8194 Min:  7934 Max:  8353 Err:     0 (0.00%) Active: 15 Started: 15 Finished: 0
2023-10-27 19:06:30,251 INFO o.a.j.r.Summariser: summary =    125 in 00:01:12 =    1.7/s Avg:  8145 Min:  2199 Max: 12790 Err:     0 (0.00%)
2023-10-27 19:06:30,251 INFO o.a.j.t.JMeterThread: Thread is done: Prueba 1 1-13
2023-10-27 19:06:30,251 INFO o.a.j.t.JMeterThread: Thread finished: Prueba 1 1-13
2023-10-27 19:06:33,418 INFO o.a.j.t.JMeterThread: Thread is done: Prueba 1 1-3
2023-10-27 19:06:33,418 INFO o.a.j.t.JMeterThread: Thread finished: Prueba 1 1-3
2023-10-27 19:06:35,035 INFO o.a.j.t.JMeterThread: Thread is done: Prueba 1 1-8
2023-10-27 19:06:35,035 INFO o.a.j.t.JMeterThread: Thread finished: Prueba 1 1-8
2023-10-27 19:06:36,087 INFO o.a.j.t.JMeterThread: Thread is done: Prueba 1 1-14
2023-10-27 19:06:36,087 INFO o.a.j.t.JMeterThread: Thread finished: Prueba 1 1-14
2023-10-27 19:06:38,183 INFO o.a.j.t.JMeterThread: Thread is done: Prueba 1 1-6
2023-10-27 19:06:38,183 INFO o.a.j.t.JMeterThread: Thread finished: Prueba 1 1-6
2023-10-27 19:06:38,700 INFO o.a.j.t.JMeterThread: Thread is done: Prueba 1 1-2
2023-10-27 19:06:38,700 INFO o.a.j.t.JMeterThread: Thread finished: Prueba 1 1-2
2023-10-27 19:06:39,219 INFO o.a.j.t.JMeterThread: Thread is done: Prueba 1 1-11
2023-10-27 19:06:39,219 INFO o.a.j.t.JMeterThread: Thread finished: Prueba 1 1-11
2023-10-27 19:06:39,750 INFO o.a.j.t.JMeterThread: Thread is done: Prueba 1 1-1
2023-10-27 19:06:39,751 INFO o.a.j.t.JMeterThread: Thread finished: Prueba 1 1-1
2023-10-27 19:06:40,283 INFO o.a.j.t.JMeterThread: Thread is done: Prueba 1 1-12
2023-10-27 19:06:40,283 INFO o.a.j.t.JMeterThread: Thread finished: Prueba 1 1-12
2023-10-27 19:06:40,823 INFO o.a.j.t.JMeterThread: Thread is done: Prueba 1 1-4
2023-10-27 19:06:40,823 INFO o.a.j.t.JMeterThread: Thread finished: Prueba 1 1-4
2023-10-27 19:06:41,337 INFO o.a.j.t.JMeterThread: Thread is done: Prueba 1 1-15
2023-10-27 19:06:41,338 INFO o.a.j.t.JMeterThread: Thread finished: Prueba 1 1-15
2023-10-27 19:06:41,859 INFO o.a.j.t.JMeterThread: Thread is done: Prueba 1 1-9
2023-10-27 19:06:41,860 INFO o.a.j.t.JMeterThread: Thread finished: Prueba 1 1-9
2023-10-27 19:06:42,381 INFO o.a.j.t.JMeterThread: Thread is done: Prueba 1 1-5
2023-10-27 19:06:42,381 INFO o.a.j.t.JMeterThread: Thread finished: Prueba 1 1-5
2023-10-27 19:06:42,916 INFO o.a.j.t.JMeterThread: Thread is done: Prueba 1 1-10
2023-10-27 19:06:42,916 INFO o.a.j.t.JMeterThread: Thread finished: Prueba 1 1-10
2023-10-27 19:06:43,459 INFO o.a.j.t.JMeterThread: Thread is done: Prueba 1 1-7
2023-10-27 19:06:43,460 INFO o.a.j.t.JMeterThread: Thread finished: Prueba 1 1-7
2023-10-27 19:06:43,460 INFO o.a.j.e.StandardJMeterEngine: Notifying test listeners of end of test
2023-10-27 19:06:43,461 INFO o.a.j.r.Summariser: summary +     25 in 00:00:13 =    1.9/s Avg:  7435 Min:  5768 Max:  7998 Err:     0 (0.00%) Active: 0 Started: 15 Finished: 15
2023-10-27 19:06:43,461 INFO o.a.j.r.Summariser: summary =    150 in 00:01:25 =    1.8/s Avg:  8027 Min:  2199 Max: 12790 Err:     0 (0.00%)
2023-10-27 19:06:43,461 INFO o.a.j.JMeter: Generating Dashboard
2023-10-27 19:06:43,462 INFO o.a.j.r.d.ReportGenerator: Flushing result collector before report Generation
2023-10-27 19:06:43,474 INFO o.a.j.r.p.NormalizerSampleConsumer: Using format, 'ms', to parse timeStamp field
2023-10-27 19:06:43,572 INFO o.a.j.r.p.AbstractSampleConsumer: class org.apache.jmeter.report.processor.AggregateConsumer#stopProducing(): beginDate produced 0 samples
2023-10-27 19:06:43,572 INFO o.a.j.r.p.AbstractSampleConsumer: class org.apache.jmeter.report.processor.AggregateConsumer#stopProducing(): endDate produced 0 samples
2023-10-27 19:06:43,574 INFO o.a.j.r.p.AbstractSampleConsumer: class org.apache.jmeter.report.processor.ApdexSummaryConsumer#stopProducing(): apdexSummary produced 0 samples
2023-10-27 19:06:43,574 INFO o.a.j.r.p.AbstractSampleConsumer: class org.apache.jmeter.report.processor.RequestsSummaryConsumer#stopProducing(): requestsSummary produced 0 samples
2023-10-27 19:06:43,579 INFO o.a.j.r.p.AbstractSampleConsumer: class org.apache.jmeter.report.processor.StatisticsSummaryConsumer#stopProducing(): statisticsSummary produced 0 samples
2023-10-27 19:06:43,584 INFO o.a.j.r.p.AbstractSampleConsumer: class org.apache.jmeter.report.processor.Top5ErrorsBySamplerConsumer#stopProducing(): top5ErrorsBySampler produced 0 samples
2023-10-27 19:06:43,584 INFO o.a.j.r.p.AbstractSampleConsumer: class org.apache.jmeter.report.processor.ErrorsSummaryConsumer#stopProducing(): errorsSummary produced 0 samples
2023-10-27 19:06:43,584 INFO o.a.j.r.p.AbstractSampleConsumer: class org.apache.jmeter.report.processor.graph.impl.HitsPerSecondGraphConsumer#stopProducing(): hitsPerSecond produced 0 samples
2023-10-27 19:06:43,607 INFO o.a.j.r.p.AbstractSampleConsumer: class org.apache.jmeter.report.processor.graph.impl.LatencyVSRequestGraphConsumer#stopProducing(): latencyVsRequest produced 0 samples
2023-10-27 19:06:43,608 INFO o.a.j.r.p.AbstractSampleConsumer: class org.apache.jmeter.report.processor.graph.impl.SyntheticResponseTimeDistributionGraphConsumer#stopProducing(): syntheticResponseTimeDistribution produced 0 samples
2023-10-27 19:06:43,609 INFO o.a.j.r.p.AbstractSampleConsumer: class org.apache.jmeter.report.processor.graph.impl.BytesThroughputGraphConsumer#stopProducing(): bytesThroughputOverTime produced 0 samples
2023-10-27 19:06:43,609 INFO o.a.j.r.p.AbstractSampleConsumer: class org.apache.jmeter.report.processor.graph.impl.CodesPerSecondGraphConsumer#stopProducing(): codesPerSecond produced 0 samples
2023-10-27 19:06:43,625 INFO o.a.j.r.p.AbstractSampleConsumer: class org.apache.jmeter.report.processor.graph.impl.ResponseTimeVSRequestGraphConsumer#stopProducing(): responseTimeVsRequest produced 0 samples
2023-10-27 19:06:43,626 INFO o.a.j.r.p.AbstractSampleConsumer: class org.apache.jmeter.report.processor.FilterConsumer#stopProducing(): startIntervalControlerFilter produced 1050 samples
2023-10-27 19:06:43,626 INFO o.a.j.r.p.AbstractSampleConsumer: class org.apache.jmeter.report.processor.graph.impl.TotalTPSGraphConsumer#stopProducing(): totalTPS produced 0 samples
2023-10-27 19:06:43,626 INFO o.a.j.r.p.AbstractSampleConsumer: class org.apache.jmeter.report.processor.graph.impl.ActiveThreadsGraphConsumer#stopProducing(): activeThreadsOverTime produced 0 samples
2023-10-27 19:06:43,626 INFO o.a.j.r.p.AbstractSampleConsumer: class org.apache.jmeter.report.processor.graph.impl.TimeVSThreadGraphConsumer#stopProducing(): timeVsThreads produced 0 samples
2023-10-27 19:06:43,626 INFO o.a.j.r.p.AbstractSampleConsumer: class org.apache.jmeter.report.processor.graph.impl.ResponseTimeDistributionGraphConsumer#stopProducing(): responseTimeDistribution produced 0 samples
2023-10-27 19:06:43,626 INFO o.a.j.r.p.AbstractSampleConsumer: class org.apache.jmeter.report.processor.graph.impl.TransactionsPerSecondGraphConsumer#stopProducing(): transactionsPerSecond produced 0 samples
2023-10-27 19:06:43,627 INFO o.a.j.r.p.AbstractSampleConsumer: class org.apache.jmeter.report.processor.graph.impl.ResponseTimePercentilesGraphConsumer#stopProducing(): responseTimePercentiles produced 0 samples
2023-10-27 19:06:43,628 INFO o.a.j.r.p.AbstractSampleConsumer: class org.apache.jmeter.report.processor.graph.impl.ResponseTimePercentilesOverTimeGraphConsumer#stopProducing(): responseTimePercentilesOverTime produced 0 samples
2023-10-27 19:06:43,629 INFO o.a.j.r.p.AbstractSampleConsumer: class org.apache.jmeter.report.processor.graph.impl.ResponseTimeOverTimeGraphConsumer#stopProducing(): responseTimesOverTime produced 0 samples
2023-10-27 19:06:43,629 INFO o.a.j.r.p.AbstractSampleConsumer: class org.apache.jmeter.report.processor.graph.impl.ConnectTimeOverTimeGraphConsumer#stopProducing(): connectTimeOverTime produced 0 samples
2023-10-27 19:06:43,633 INFO o.a.j.r.p.AbstractSampleConsumer: class org.apache.jmeter.report.processor.graph.impl.LatencyOverTimeGraphConsumer#stopProducing(): latenciesOverTime produced 0 samples
2023-10-27 19:06:43,634 INFO o.a.j.r.p.AbstractSampleConsumer: class org.apache.jmeter.report.processor.FilterConsumer#stopProducing(): nameFilter produced 2250 samples
2023-10-27 19:06:43,634 INFO o.a.j.r.p.AbstractSampleConsumer: class org.apache.jmeter.report.processor.FilterConsumer#stopProducing(): dateRangeFilter produced 450 samples
2023-10-27 19:06:43,634 INFO o.a.j.r.p.AbstractSampleConsumer: class org.apache.jmeter.report.processor.NormalizerSampleConsumer#stopProducing(): normalizer produced 150 samples
2023-10-27 19:06:43,634 INFO o.a.j.r.p.CsvFileSampleSource: produce(): 150 samples produced in 136ms on channel 0
2023-10-27 19:06:43,634 INFO o.a.j.r.d.ReportGenerator: Exporting data using exporter:'json' of className:'org.apache.jmeter.report.dashboard.JsonExporter'
2023-10-27 19:06:43,770 INFO o.a.j.r.d.JsonExporter: Found data for consumer statisticsSummary in context
2023-10-27 19:06:43,771 INFO o.a.j.r.d.JsonExporter: Creating statistics for overall
2023-10-27 19:06:43,771 INFO o.a.j.r.d.JsonExporter: Creating statistics for other transactions
2023-10-27 19:06:43,771 INFO o.a.j.r.d.JsonExporter: Checking output folder
2023-10-27 19:06:43,772 INFO o.a.j.r.d.JsonExporter: Writing statistics JSON to report-output/statistics.json
2023-10-27 19:06:43,823 INFO o.a.j.r.d.ReportGenerator: Exporting data using exporter:'html' of className:'org.apache.jmeter.report.dashboard.HtmlTemplateExporter'
2023-10-27 19:06:43,827 ERROR o.a.j.JMeter: Error generating the report: Cannot write to '/home/admin/jmeter/bin/report-output' as folder is not empty
java.lang.IllegalArgumentException: Cannot write to '/home/admin/jmeter/bin/report-output' as folder is not empty
	at org.apache.jorphan.util.JOrphanUtils.canSafelyWriteToFolder(JOrphanUtils.java:664) ~[jorphan.jar:5.6.2]
	at org.apache.jorphan.util.JOrphanUtils.canSafelyWriteToFolder(JOrphanUtils.java:607) ~[jorphan.jar:5.6.2]
	at org.apache.jmeter.report.dashboard.HtmlTemplateExporter.export(HtmlTemplateExporter.java:327) ~[ApacheJMeter_core.jar:5.6.2]
	at org.apache.jmeter.report.dashboard.ReportGenerator.exportData(ReportGenerator.java:383) ~[ApacheJMeter_core.jar:5.6.2]
	at org.apache.jmeter.report.dashboard.ReportGenerator.generate(ReportGenerator.java:261) ~[ApacheJMeter_core.jar:5.6.2]
	at org.apache.jmeter.JMeter$ListenToTest.endTest(JMeter.java:1285) [ApacheJMeter_core.jar:5.6.2]
	at org.apache.jmeter.JMeter$ListenToTest.testEnded(JMeter.java:1240) [ApacheJMeter_core.jar:5.6.2]
	at org.apache.jmeter.engine.StandardJMeterEngine.notifyTestListenersOfEnd(StandardJMeterEngine.java:258) [ApacheJMeter_core.jar:5.6.2]
	at org.apache.jmeter.engine.StandardJMeterEngine.run(StandardJMeterEngine.java:535) [ApacheJMeter_core.jar:5.6.2]
	at java.util.concurrent.Executors$RunnableAdapter.call(Executors.java:539) [?:?]
	at java.util.concurrent.FutureTask.run(FutureTask.java:264) [?:?]
	at java.util.concurrent.ThreadPoolExecutor.runWorker(ThreadPoolExecutor.java:1136) [?:?]
	at java.util.concurrent.ThreadPoolExecutor$Worker.run(ThreadPoolExecutor.java:635) [?:?]
	at java.lang.Thread.run(Thread.java:833) [?:?]
