2023-10-27 18:48:38,214 INFO o.a.j.u.JMeterUtils: Setting Locale to en_EN
2023-10-27 18:48:38,245 INFO o.a.j.JMeter: Loading user properties from: /home/admin/jmeter/bin/user.properties
2023-10-27 18:48:38,245 INFO o.a.j.JMeter: Loading system properties from: /home/admin/jmeter/bin/system.properties
2023-10-27 18:48:38,257 INFO o.a.j.JMeter: Copyright (c) 1998-2023 The Apache Software Foundation
2023-10-27 18:48:38,257 INFO o.a.j.JMeter: Version 5.6.2
2023-10-27 18:48:38,257 INFO o.a.j.JMeter: java.version=17.0.8
2023-10-27 18:48:38,258 INFO o.a.j.JMeter: java.vm.name=OpenJDK 64-Bit Server VM
2023-10-27 18:48:38,258 INFO o.a.j.JMeter: os.name=Linux
2023-10-27 18:48:38,258 INFO o.a.j.JMeter: os.arch=amd64
2023-10-27 18:48:38,258 INFO o.a.j.JMeter: os.version=6.1.0-13-cloud-amd64
2023-10-27 18:48:38,259 INFO o.a.j.JMeter: file.encoding=UTF-8
2023-10-27 18:48:38,259 INFO o.a.j.JMeter: java.awt.headless=true
2023-10-27 18:48:38,259 INFO o.a.j.JMeter: Max memory     =1073741824
2023-10-27 18:48:38,259 INFO o.a.j.JMeter: Available Processors =2
2023-10-27 18:48:38,273 INFO o.a.j.JMeter: Default Locale=English (EN)
2023-10-27 18:48:38,273 INFO o.a.j.JMeter: JMeter  Locale=English (EN)
2023-10-27 18:48:38,273 INFO o.a.j.JMeter: JMeterHome=/home/admin/jmeter
2023-10-27 18:48:38,274 INFO o.a.j.JMeter: user.dir  =/home/admin/MISW4204/jmeter
2023-10-27 18:48:38,274 INFO o.a.j.JMeter: PWD       =/home/admin/MISW4204/jmeter
2023-10-27 18:48:38,279 INFO o.a.j.JMeter: IP: 172.31.85.55 Name: ip-172-31-85-55 FullName: ip-172-31-85-55.ec2.internal
2023-10-27 18:48:38,296 INFO o.a.j.s.FileServer: Default base='/home/admin/MISW4204/jmeter'
2023-10-27 18:48:38,298 INFO o.a.j.s.FileServer: Set new base='/home/admin/MISW4204/jmeter'
2023-10-27 18:48:38,598 INFO o.a.j.s.SaveService: Testplan (JMX) version: 2.2. Testlog (JTL) version: 2.2
2023-10-27 18:48:38,633 INFO o.a.j.s.SaveService: Using SaveService properties version 5.0
2023-10-27 18:48:38,638 INFO o.a.j.s.SaveService: Using SaveService properties file encoding UTF-8
2023-10-27 18:48:38,646 INFO o.a.j.s.SaveService: Loading file: HTTPRequest.jmx
2023-10-27 18:48:38,714 INFO o.a.j.p.h.s.HTTPSamplerBase: Parser for text/html is org.apache.jmeter.protocol.http.parser.LagartoBasedHtmlParser
2023-10-27 18:48:38,714 INFO o.a.j.p.h.s.HTTPSamplerBase: Parser for application/xhtml+xml is org.apache.jmeter.protocol.http.parser.LagartoBasedHtmlParser
2023-10-27 18:48:38,714 INFO o.a.j.p.h.s.HTTPSamplerBase: Parser for application/xml is org.apache.jmeter.protocol.http.parser.LagartoBasedHtmlParser
2023-10-27 18:48:38,714 INFO o.a.j.p.h.s.HTTPSamplerBase: Parser for text/xml is org.apache.jmeter.protocol.http.parser.LagartoBasedHtmlParser
2023-10-27 18:48:38,714 INFO o.a.j.p.h.s.HTTPSamplerBase: Parser for text/vnd.wap.wml is org.apache.jmeter.protocol.http.parser.RegexpHTMLParser
2023-10-27 18:48:38,714 INFO o.a.j.p.h.s.HTTPSamplerBase: Parser for text/css is org.apache.jmeter.protocol.http.parser.CssParser
2023-10-27 18:48:39,230 INFO o.a.j.e.KeyToolUtils: keytool found at 'keytool'
2023-10-27 18:48:39,230 INFO o.a.j.p.h.p.ProxyControl: HTTP(S) Test Script Recorder SSL Proxy will use keys that support embedded 3rd party resources in file /home/admin/jmeter/bin/proxyserver.jks
2023-10-27 18:48:39,242 INFO o.a.j.JMeter: Creating summariser <summary>
2023-10-27 18:48:39,246 INFO o.a.j.r.d.ReportGenerator: ReportGenerator will use for Parsing the separator: ','
2023-10-27 18:48:39,246 INFO o.a.j.r.d.ReportGenerator: Will generate report at end of test from  results file: test.csv
2023-10-27 18:48:39,246 INFO o.a.j.r.d.ReportGenerator: Reading report generator properties from: /home/admin/jmeter/bin/reportgenerator.properties
2023-10-27 18:48:39,247 INFO o.a.j.r.d.ReportGenerator: Merging with JMeter properties
2023-10-27 18:48:39,251 INFO o.a.j.r.c.ReportGeneratorConfiguration: Property 'jmeter.reportgenerator.temp_dir' not found, using default value 'temp' instead.
2023-10-27 18:48:39,254 INFO o.a.j.r.c.ReportGeneratorConfiguration: Property 'jmeter.reportgenerator.apdex_per_transaction' not found, using default value 'null' instead.
2023-10-27 18:48:39,254 INFO o.a.j.r.c.ReportGeneratorConfiguration: apdex_per_transaction is empty, not APDEX per transaction customization
2023-10-27 18:48:39,254 INFO o.a.j.r.c.ReportGeneratorConfiguration: Property 'jmeter.reportgenerator.sample_filter' not found, using default value 'null' instead.
2023-10-27 18:48:39,254 INFO o.a.j.r.c.ReportGeneratorConfiguration: Property 'jmeter.reportgenerator.report_title' not found, using default value 'null' instead.
2023-10-27 18:48:39,254 INFO o.a.j.r.c.ReportGeneratorConfiguration: Property 'jmeter.reportgenerator.start_date' not found, using default value 'null' instead.
2023-10-27 18:48:39,254 INFO o.a.j.r.c.ReportGeneratorConfiguration: Property 'jmeter.reportgenerator.end_date' not found, using default value 'null' instead.
2023-10-27 18:48:39,255 INFO o.a.j.r.c.ReportGeneratorConfiguration: Property 'jmeter.reportgenerator.date_format' not found, using default value 'null' instead.
2023-10-27 18:48:39,255 INFO o.a.j.r.c.ReportGeneratorConfiguration: Will use date range start date: null, end date: null
2023-10-27 18:48:39,258 INFO o.a.j.r.c.ReportGeneratorConfiguration: Property 'jmeter.reportgenerator.graph.totalTPS.exclude_controllers' not found, using default value 'false' instead.
2023-10-27 18:48:39,259 INFO o.a.j.r.c.ReportGeneratorConfiguration: Property 'jmeter.reportgenerator.graph.activeThreadsOverTime.exclude_controllers' not found, using default value 'false' instead.
2023-10-27 18:48:39,259 INFO o.a.j.r.c.ReportGeneratorConfiguration: Property 'jmeter.reportgenerator.graph.timeVsThreads.exclude_controllers' not found, using default value 'false' instead.
2023-10-27 18:48:39,259 INFO o.a.j.r.c.ReportGeneratorConfiguration: Property 'jmeter.reportgenerator.graph.responseTimeDistribution.exclude_controllers' not found, using default value 'false' instead.
2023-10-27 18:48:39,259 INFO o.a.j.r.c.ReportGeneratorConfiguration: Property 'jmeter.reportgenerator.graph.transactionsPerSecond.exclude_controllers' not found, using default value 'false' instead.
2023-10-27 18:48:39,259 INFO o.a.j.r.c.ReportGeneratorConfiguration: Property 'jmeter.reportgenerator.graph.responseTimePercentiles.exclude_controllers' not found, using default value 'false' instead.
2023-10-27 18:48:39,259 INFO o.a.j.r.c.ReportGeneratorConfiguration: Property 'jmeter.reportgenerator.graph.responseTimePercentilesOverTime.exclude_controllers' not found, using default value 'false' instead.
2023-10-27 18:48:39,260 INFO o.a.j.r.c.ReportGeneratorConfiguration: Property 'jmeter.reportgenerator.graph.responseTimesOverTime.exclude_controllers' not found, using default value 'false' instead.
2023-10-27 18:48:39,260 INFO o.a.j.r.c.ReportGeneratorConfiguration: Property 'jmeter.reportgenerator.graph.connectTimeOverTime.exclude_controllers' not found, using default value 'false' instead.
2023-10-27 18:48:39,260 INFO o.a.j.r.c.ReportGeneratorConfiguration: Property 'jmeter.reportgenerator.graph.latenciesOverTime.exclude_controllers' not found, using default value 'false' instead.
2023-10-27 18:48:39,261 INFO o.a.j.r.c.ReportGeneratorConfiguration: Property 'jmeter.reportgenerator.exporter.json.filters_only_sample_series' not found, using default value 'true' instead.
2023-10-27 18:48:39,261 INFO o.a.j.r.c.ReportGeneratorConfiguration: Property 'jmeter.reportgenerator.exporter.json.series_filter' not found, using default value '' instead.
2023-10-27 18:48:39,261 INFO o.a.j.r.c.ReportGeneratorConfiguration: Property 'jmeter.reportgenerator.exporter.json.show_controllers_only' not found, using default value 'false' instead.
2023-10-27 18:48:39,261 INFO o.a.j.r.c.ReportGeneratorConfiguration: Property 'jmeter.reportgenerator.exporter.html.filters_only_sample_series' not found, using default value 'true' instead.
2023-10-27 18:48:39,261 INFO o.a.j.r.c.ReportGeneratorConfiguration: Property 'jmeter.reportgenerator.exporter.html.series_filter' not found, using default value '' instead.
2023-10-27 18:48:39,262 INFO o.a.j.r.c.ReportGeneratorConfiguration: Property 'jmeter.reportgenerator.exporter.html.show_controllers_only' not found, using default value 'false' instead.
2023-10-27 18:48:39,278 INFO o.a.j.e.StandardJMeterEngine: Running the test!
2023-10-27 18:48:39,281 INFO o.a.j.s.SampleEvent: List of sample_variables: []
2023-10-27 18:48:39,281 INFO o.a.j.s.SampleEvent: List of sample_variables: []
2023-10-27 18:48:39,291 INFO o.a.j.e.u.CompoundVariable: Note: Function class names must contain the string: '.functions.'
2023-10-27 18:48:39,291 INFO o.a.j.e.u.CompoundVariable: Note: Function class names must not contain the string: '.gui.'
2023-10-27 18:48:39,386 INFO o.a.j.JMeter: Running test (1698432519386)
2023-10-27 18:48:39,424 INFO o.a.j.e.StandardJMeterEngine: Starting ThreadGroup: 1 : Prueba 1
2023-10-27 18:48:39,424 INFO o.a.j.e.StandardJMeterEngine: Starting 5 threads for group Prueba 1.
2023-10-27 18:48:39,424 INFO o.a.j.e.StandardJMeterEngine: Thread will continue on error
2023-10-27 18:48:39,424 INFO o.a.j.t.ThreadGroup: Starting thread group... number=1 threads=5 ramp-up=1 delayedStart=false
2023-10-27 18:48:39,433 INFO o.a.j.t.JMeterThread: Thread started: Prueba 1 1-1
2023-10-27 18:48:39,435 INFO o.a.j.t.ThreadGroup: Started thread group number 1
2023-10-27 18:48:39,435 INFO o.a.j.e.StandardJMeterEngine: All thread groups have been started
2023-10-27 18:48:39,454 INFO o.a.j.p.h.s.HTTPHCAbstractImpl: Local host = ip-172-31-85-55
2023-10-27 18:48:39,462 INFO o.a.j.p.h.s.HTTPHC4Impl: HTTP request retry count = 0
2023-10-27 18:48:39,463 INFO o.a.j.s.SampleResult: Note: Sample TimeStamps are START times
2023-10-27 18:48:39,464 INFO o.a.j.s.SampleResult: sampleresult.default.encoding is set to UTF-8
2023-10-27 18:48:39,465 INFO o.a.j.s.SampleResult: sampleresult.useNanoTime=true
2023-10-27 18:48:39,465 INFO o.a.j.s.SampleResult: sampleresult.nanoThreadSleep=5000
2023-10-27 18:48:39,546 INFO o.a.j.s.FileServer: Stored: ../salento-1080p.mp4
2023-10-27 18:48:39,631 INFO o.a.j.t.JMeterThread: Thread started: Prueba 1 1-2
2023-10-27 18:48:39,828 INFO o.a.j.t.JMeterThread: Thread started: Prueba 1 1-3
2023-10-27 18:48:40,028 INFO o.a.j.t.JMeterThread: Thread started: Prueba 1 1-4
2023-10-27 18:48:40,228 INFO o.a.j.t.JMeterThread: Thread started: Prueba 1 1-5
2023-10-27 18:49:00,051 INFO o.a.j.r.Summariser: summary +     35 in 00:00:21 =    1.7/s Avg:  2708 Min:  1341 Max:  3961 Err:     0 (0.00%) Active: 5 Started: 5 Finished: 0
2023-10-27 18:49:04,616 INFO o.a.j.t.JMeterThread: Thread is done: Prueba 1 1-1
2023-10-27 18:49:04,617 INFO o.a.j.t.JMeterThread: Thread finished: Prueba 1 1-1
2023-10-27 18:49:05,154 INFO o.a.j.t.JMeterThread: Thread is done: Prueba 1 1-4
2023-10-27 18:49:05,154 INFO o.a.j.t.JMeterThread: Thread finished: Prueba 1 1-4
2023-10-27 18:49:05,689 INFO o.a.j.t.JMeterThread: Thread is done: Prueba 1 1-5
2023-10-27 18:49:05,689 INFO o.a.j.t.JMeterThread: Thread finished: Prueba 1 1-5
2023-10-27 18:49:09,547 INFO o.a.j.t.JMeterThread: Thread is done: Prueba 1 1-2
2023-10-27 18:49:09,547 INFO o.a.j.t.JMeterThread: Thread finished: Prueba 1 1-2
2023-10-27 18:49:10,123 INFO o.a.j.t.JMeterThread: Thread is done: Prueba 1 1-3
2023-10-27 18:49:10,123 INFO o.a.j.t.JMeterThread: Thread finished: Prueba 1 1-3
2023-10-27 18:49:10,123 INFO o.a.j.e.StandardJMeterEngine: Notifying test listeners of end of test
2023-10-27 18:49:10,124 INFO o.a.j.r.Summariser: summary +     15 in 00:00:10 =    1.5/s Avg:  2734 Min:  1564 Max:  4038 Err:     0 (0.00%) Active: 0 Started: 5 Finished: 5
2023-10-27 18:49:10,124 INFO o.a.j.r.Summariser: summary =     50 in 00:00:31 =    1.6/s Avg:  2716 Min:  1341 Max:  4038 Err:     0 (0.00%)
2023-10-27 18:49:10,125 INFO o.a.j.JMeter: Generating Dashboard
2023-10-27 18:49:10,125 INFO o.a.j.r.d.ReportGenerator: Flushing result collector before report Generation
2023-10-27 18:49:10,136 INFO o.a.j.r.p.NormalizerSampleConsumer: Using format, 'ms', to parse timeStamp field
2023-10-27 18:49:10,217 INFO o.a.j.r.p.AbstractSampleConsumer: class org.apache.jmeter.report.processor.AggregateConsumer#stopProducing(): beginDate produced 0 samples
2023-10-27 18:49:10,217 INFO o.a.j.r.p.AbstractSampleConsumer: class org.apache.jmeter.report.processor.AggregateConsumer#stopProducing(): endDate produced 0 samples
2023-10-27 18:49:10,219 INFO o.a.j.r.p.AbstractSampleConsumer: class org.apache.jmeter.report.processor.ApdexSummaryConsumer#stopProducing(): apdexSummary produced 0 samples
2023-10-27 18:49:10,219 INFO o.a.j.r.p.AbstractSampleConsumer: class org.apache.jmeter.report.processor.RequestsSummaryConsumer#stopProducing(): requestsSummary produced 0 samples
2023-10-27 18:49:10,226 INFO o.a.j.r.p.AbstractSampleConsumer: class org.apache.jmeter.report.processor.StatisticsSummaryConsumer#stopProducing(): statisticsSummary produced 0 samples
2023-10-27 18:49:10,231 INFO o.a.j.r.p.AbstractSampleConsumer: class org.apache.jmeter.report.processor.Top5ErrorsBySamplerConsumer#stopProducing(): top5ErrorsBySampler produced 0 samples
2023-10-27 18:49:10,232 INFO o.a.j.r.p.AbstractSampleConsumer: class org.apache.jmeter.report.processor.ErrorsSummaryConsumer#stopProducing(): errorsSummary produced 0 samples
2023-10-27 18:49:10,232 INFO o.a.j.r.p.AbstractSampleConsumer: class org.apache.jmeter.report.processor.graph.impl.HitsPerSecondGraphConsumer#stopProducing(): hitsPerSecond produced 0 samples
2023-10-27 18:49:10,246 INFO o.a.j.r.p.AbstractSampleConsumer: class org.apache.jmeter.report.processor.graph.impl.LatencyVSRequestGraphConsumer#stopProducing(): latencyVsRequest produced 0 samples
2023-10-27 18:49:10,246 INFO o.a.j.r.p.AbstractSampleConsumer: class org.apache.jmeter.report.processor.graph.impl.SyntheticResponseTimeDistributionGraphConsumer#stopProducing(): syntheticResponseTimeDistribution produced 0 samples
2023-10-27 18:49:10,250 INFO o.a.j.r.p.AbstractSampleConsumer: class org.apache.jmeter.report.processor.graph.impl.BytesThroughputGraphConsumer#stopProducing(): bytesThroughputOverTime produced 0 samples
2023-10-27 18:49:10,250 INFO o.a.j.r.p.AbstractSampleConsumer: class org.apache.jmeter.report.processor.graph.impl.CodesPerSecondGraphConsumer#stopProducing(): codesPerSecond produced 0 samples
2023-10-27 18:49:10,255 INFO o.a.j.r.p.AbstractSampleConsumer: class org.apache.jmeter.report.processor.graph.impl.ResponseTimeVSRequestGraphConsumer#stopProducing(): responseTimeVsRequest produced 0 samples
2023-10-27 18:49:10,255 INFO o.a.j.r.p.AbstractSampleConsumer: class org.apache.jmeter.report.processor.FilterConsumer#stopProducing(): startIntervalControlerFilter produced 350 samples
2023-10-27 18:49:10,255 INFO o.a.j.r.p.AbstractSampleConsumer: class org.apache.jmeter.report.processor.graph.impl.TotalTPSGraphConsumer#stopProducing(): totalTPS produced 0 samples
2023-10-27 18:49:10,255 INFO o.a.j.r.p.AbstractSampleConsumer: class org.apache.jmeter.report.processor.graph.impl.ActiveThreadsGraphConsumer#stopProducing(): activeThreadsOverTime produced 0 samples
2023-10-27 18:49:10,255 INFO o.a.j.r.p.AbstractSampleConsumer: class org.apache.jmeter.report.processor.graph.impl.TimeVSThreadGraphConsumer#stopProducing(): timeVsThreads produced 0 samples
2023-10-27 18:49:10,256 INFO o.a.j.r.p.AbstractSampleConsumer: class org.apache.jmeter.report.processor.graph.impl.ResponseTimeDistributionGraphConsumer#stopProducing(): responseTimeDistribution produced 0 samples
2023-10-27 18:49:10,256 INFO o.a.j.r.p.AbstractSampleConsumer: class org.apache.jmeter.report.processor.graph.impl.TransactionsPerSecondGraphConsumer#stopProducing(): transactionsPerSecond produced 0 samples
2023-10-27 18:49:10,256 INFO o.a.j.r.p.AbstractSampleConsumer: class org.apache.jmeter.report.processor.graph.impl.ResponseTimePercentilesGraphConsumer#stopProducing(): responseTimePercentiles produced 0 samples
2023-10-27 18:49:10,257 INFO o.a.j.r.p.AbstractSampleConsumer: class org.apache.jmeter.report.processor.graph.impl.ResponseTimePercentilesOverTimeGraphConsumer#stopProducing(): responseTimePercentilesOverTime produced 0 samples
2023-10-27 18:49:10,258 INFO o.a.j.r.p.AbstractSampleConsumer: class org.apache.jmeter.report.processor.graph.impl.ResponseTimeOverTimeGraphConsumer#stopProducing(): responseTimesOverTime produced 0 samples
2023-10-27 18:49:10,258 INFO o.a.j.r.p.AbstractSampleConsumer: class org.apache.jmeter.report.processor.graph.impl.ConnectTimeOverTimeGraphConsumer#stopProducing(): connectTimeOverTime produced 0 samples
2023-10-27 18:49:10,259 INFO o.a.j.r.p.AbstractSampleConsumer: class org.apache.jmeter.report.processor.graph.impl.LatencyOverTimeGraphConsumer#stopProducing(): latenciesOverTime produced 0 samples
2023-10-27 18:49:10,259 INFO o.a.j.r.p.AbstractSampleConsumer: class org.apache.jmeter.report.processor.FilterConsumer#stopProducing(): nameFilter produced 750 samples
2023-10-27 18:49:10,259 INFO o.a.j.r.p.AbstractSampleConsumer: class org.apache.jmeter.report.processor.FilterConsumer#stopProducing(): dateRangeFilter produced 150 samples
2023-10-27 18:49:10,259 INFO o.a.j.r.p.AbstractSampleConsumer: class org.apache.jmeter.report.processor.NormalizerSampleConsumer#stopProducing(): normalizer produced 50 samples
2023-10-27 18:49:10,259 INFO o.a.j.r.p.CsvFileSampleSource: produce(): 50 samples produced in 98ms on channel 0
2023-10-27 18:49:10,260 INFO o.a.j.r.d.ReportGenerator: Exporting data using exporter:'json' of className:'org.apache.jmeter.report.dashboard.JsonExporter'
2023-10-27 18:49:10,391 INFO o.a.j.r.d.JsonExporter: Found data for consumer statisticsSummary in context
2023-10-27 18:49:10,391 INFO o.a.j.r.d.JsonExporter: Creating statistics for overall
2023-10-27 18:49:10,392 INFO o.a.j.r.d.JsonExporter: Creating statistics for other transactions
2023-10-27 18:49:10,392 INFO o.a.j.r.d.JsonExporter: Checking output folder
2023-10-27 18:49:10,393 INFO o.a.j.r.d.JsonExporter: Writing statistics JSON to report-output/statistics.json
2023-10-27 18:49:10,439 INFO o.a.j.r.d.ReportGenerator: Exporting data using exporter:'html' of className:'org.apache.jmeter.report.dashboard.HtmlTemplateExporter'
2023-10-27 18:49:10,441 ERROR o.a.j.JMeter: Error generating the report: Cannot write to '/home/admin/jmeter/bin/report-output' as folder is not empty
java.lang.IllegalArgumentException: Cannot write to '/home/admin/jmeter/bin/report-output' as folder is not empty
	at org.apache.jorphan.util.JOrphanUtils.canSafelyWriteToFolder(JOrphanUtils.java:664) ~[jorphan.jar:5.6.2]
	at org.apache.jorphan.util.JOrphanUtils.canSafelyWriteToFolder(JOrphanUtils.java:607) ~[jorphan.jar:5.6.2]
	at org.apache.jmeter.report.dashboard.HtmlTemplateExporter.export(HtmlTemplateExporter.java:327) ~[ApacheJMeter_core.jar:5.6.2]
	at org.apache.jmeter.report.dashboard.ReportGenerator.exportData(ReportGenerator.java:383) ~[ApacheJMeter_core.jar:5.6.2]
	at org.apache.jmeter.report.dashboard.ReportGenerator.generate(ReportGenerator.java:261) ~[ApacheJMeter_core.jar:5.6.2]
	at org.apache.jmeter.JMeter$ListenToTest.endTest(JMeter.java:1285) [ApacheJMeter_core.jar:5.6.2]
	at org.apache.jmeter.JMeter$ListenToTest.testEnded(JMeter.java:1240) [ApacheJMeter_core.jar:5.6.2]
	at org.apache.jmeter.engine.StandardJMeterEngine.notifyTestListenersOfEnd(StandardJMeterEngine.java:258) [ApacheJMeter_core.jar:5.6.2]
	at org.apache.jmeter.engine.StandardJMeterEngine.run(StandardJMeterEngine.java:535) [ApacheJMeter_core.jar:5.6.2]
	at java.util.concurrent.Executors$RunnableAdapter.call(Executors.java:539) [?:?]
	at java.util.concurrent.FutureTask.run(FutureTask.java:264) [?:?]
	at java.util.concurrent.ThreadPoolExecutor.runWorker(ThreadPoolExecutor.java:1136) [?:?]
	at java.util.concurrent.ThreadPoolExecutor$Worker.run(ThreadPoolExecutor.java:635) [?:?]
	at java.lang.Thread.run(Thread.java:833) [?:?]
