2023-10-27 18:51:11,764 INFO o.a.j.u.JMeterUtils: Setting Locale to en_EN
2023-10-27 18:51:11,800 INFO o.a.j.JMeter: Loading user properties from: /home/admin/jmeter/bin/user.properties
2023-10-27 18:51:11,800 INFO o.a.j.JMeter: Loading system properties from: /home/admin/jmeter/bin/system.properties
2023-10-27 18:51:11,811 INFO o.a.j.JMeter: Copyright (c) 1998-2023 The Apache Software Foundation
2023-10-27 18:51:11,811 INFO o.a.j.JMeter: Version 5.6.2
2023-10-27 18:51:11,811 INFO o.a.j.JMeter: java.version=17.0.8
2023-10-27 18:51:11,812 INFO o.a.j.JMeter: java.vm.name=OpenJDK 64-Bit Server VM
2023-10-27 18:51:11,812 INFO o.a.j.JMeter: os.name=Linux
2023-10-27 18:51:11,812 INFO o.a.j.JMeter: os.arch=amd64
2023-10-27 18:51:11,812 INFO o.a.j.JMeter: os.version=6.1.0-13-cloud-amd64
2023-10-27 18:51:11,812 INFO o.a.j.JMeter: file.encoding=UTF-8
2023-10-27 18:51:11,812 INFO o.a.j.JMeter: java.awt.headless=true
2023-10-27 18:51:11,812 INFO o.a.j.JMeter: Max memory     =1073741824
2023-10-27 18:51:11,813 INFO o.a.j.JMeter: Available Processors =2
2023-10-27 18:51:11,827 INFO o.a.j.JMeter: Default Locale=English (EN)
2023-10-27 18:51:11,828 INFO o.a.j.JMeter: JMeter  Locale=English (EN)
2023-10-27 18:51:11,828 INFO o.a.j.JMeter: JMeterHome=/home/admin/jmeter
2023-10-27 18:51:11,829 INFO o.a.j.JMeter: user.dir  =/home/admin/MISW4204/jmeter
2023-10-27 18:51:11,829 INFO o.a.j.JMeter: PWD       =/home/admin/MISW4204/jmeter
2023-10-27 18:51:11,832 INFO o.a.j.JMeter: IP: 172.31.85.55 Name: ip-172-31-85-55 FullName: ip-172-31-85-55.ec2.internal
2023-10-27 18:51:11,848 INFO o.a.j.s.FileServer: Default base='/home/admin/MISW4204/jmeter'
2023-10-27 18:51:11,850 INFO o.a.j.s.FileServer: Set new base='/home/admin/MISW4204/jmeter'
2023-10-27 18:51:12,178 INFO o.a.j.s.SaveService: Testplan (JMX) version: 2.2. Testlog (JTL) version: 2.2
2023-10-27 18:51:12,222 INFO o.a.j.s.SaveService: Using SaveService properties version 5.0
2023-10-27 18:51:12,226 INFO o.a.j.s.SaveService: Using SaveService properties file encoding UTF-8
2023-10-27 18:51:12,235 INFO o.a.j.s.SaveService: Loading file: HTTPRequest.jmx
2023-10-27 18:51:12,302 INFO o.a.j.p.h.s.HTTPSamplerBase: Parser for text/html is org.apache.jmeter.protocol.http.parser.LagartoBasedHtmlParser
2023-10-27 18:51:12,302 INFO o.a.j.p.h.s.HTTPSamplerBase: Parser for application/xhtml+xml is org.apache.jmeter.protocol.http.parser.LagartoBasedHtmlParser
2023-10-27 18:51:12,303 INFO o.a.j.p.h.s.HTTPSamplerBase: Parser for application/xml is org.apache.jmeter.protocol.http.parser.LagartoBasedHtmlParser
2023-10-27 18:51:12,303 INFO o.a.j.p.h.s.HTTPSamplerBase: Parser for text/xml is org.apache.jmeter.protocol.http.parser.LagartoBasedHtmlParser
2023-10-27 18:51:12,303 INFO o.a.j.p.h.s.HTTPSamplerBase: Parser for text/vnd.wap.wml is org.apache.jmeter.protocol.http.parser.RegexpHTMLParser
2023-10-27 18:51:12,303 INFO o.a.j.p.h.s.HTTPSamplerBase: Parser for text/css is org.apache.jmeter.protocol.http.parser.CssParser
2023-10-27 18:51:12,799 INFO o.a.j.e.KeyToolUtils: keytool found at 'keytool'
2023-10-27 18:51:12,799 INFO o.a.j.p.h.p.ProxyControl: HTTP(S) Test Script Recorder SSL Proxy will use keys that support embedded 3rd party resources in file /home/admin/jmeter/bin/proxyserver.jks
2023-10-27 18:51:12,809 INFO o.a.j.JMeter: Creating summariser <summary>
2023-10-27 18:51:12,814 INFO o.a.j.r.d.ReportGenerator: ReportGenerator will use for Parsing the separator: ','
2023-10-27 18:51:12,815 INFO o.a.j.r.d.ReportGenerator: Will generate report at end of test from  results file: test.csv
2023-10-27 18:51:12,815 INFO o.a.j.r.d.ReportGenerator: Reading report generator properties from: /home/admin/jmeter/bin/reportgenerator.properties
2023-10-27 18:51:12,815 INFO o.a.j.r.d.ReportGenerator: Merging with JMeter properties
2023-10-27 18:51:12,819 INFO o.a.j.r.c.ReportGeneratorConfiguration: Property 'jmeter.reportgenerator.temp_dir' not found, using default value 'temp' instead.
2023-10-27 18:51:12,822 INFO o.a.j.r.c.ReportGeneratorConfiguration: Property 'jmeter.reportgenerator.apdex_per_transaction' not found, using default value 'null' instead.
2023-10-27 18:51:12,822 INFO o.a.j.r.c.ReportGeneratorConfiguration: apdex_per_transaction is empty, not APDEX per transaction customization
2023-10-27 18:51:12,822 INFO o.a.j.r.c.ReportGeneratorConfiguration: Property 'jmeter.reportgenerator.sample_filter' not found, using default value 'null' instead.
2023-10-27 18:51:12,822 INFO o.a.j.r.c.ReportGeneratorConfiguration: Property 'jmeter.reportgenerator.report_title' not found, using default value 'null' instead.
2023-10-27 18:51:12,822 INFO o.a.j.r.c.ReportGeneratorConfiguration: Property 'jmeter.reportgenerator.start_date' not found, using default value 'null' instead.
2023-10-27 18:51:12,822 INFO o.a.j.r.c.ReportGeneratorConfiguration: Property 'jmeter.reportgenerator.end_date' not found, using default value 'null' instead.
2023-10-27 18:51:12,822 INFO o.a.j.r.c.ReportGeneratorConfiguration: Property 'jmeter.reportgenerator.date_format' not found, using default value 'null' instead.
2023-10-27 18:51:12,823 INFO o.a.j.r.c.ReportGeneratorConfiguration: Will use date range start date: null, end date: null
2023-10-27 18:51:12,826 INFO o.a.j.r.c.ReportGeneratorConfiguration: Property 'jmeter.reportgenerator.graph.totalTPS.exclude_controllers' not found, using default value 'false' instead.
2023-10-27 18:51:12,827 INFO o.a.j.r.c.ReportGeneratorConfiguration: Property 'jmeter.reportgenerator.graph.activeThreadsOverTime.exclude_controllers' not found, using default value 'false' instead.
2023-10-27 18:51:12,827 INFO o.a.j.r.c.ReportGeneratorConfiguration: Property 'jmeter.reportgenerator.graph.timeVsThreads.exclude_controllers' not found, using default value 'false' instead.
2023-10-27 18:51:12,827 INFO o.a.j.r.c.ReportGeneratorConfiguration: Property 'jmeter.reportgenerator.graph.responseTimeDistribution.exclude_controllers' not found, using default value 'false' instead.
2023-10-27 18:51:12,827 INFO o.a.j.r.c.ReportGeneratorConfiguration: Property 'jmeter.reportgenerator.graph.transactionsPerSecond.exclude_controllers' not found, using default value 'false' instead.
2023-10-27 18:51:12,827 INFO o.a.j.r.c.ReportGeneratorConfiguration: Property 'jmeter.reportgenerator.graph.responseTimePercentiles.exclude_controllers' not found, using default value 'false' instead.
2023-10-27 18:51:12,827 INFO o.a.j.r.c.ReportGeneratorConfiguration: Property 'jmeter.reportgenerator.graph.responseTimePercentilesOverTime.exclude_controllers' not found, using default value 'false' instead.
2023-10-27 18:51:12,828 INFO o.a.j.r.c.ReportGeneratorConfiguration: Property 'jmeter.reportgenerator.graph.responseTimesOverTime.exclude_controllers' not found, using default value 'false' instead.
2023-10-27 18:51:12,828 INFO o.a.j.r.c.ReportGeneratorConfiguration: Property 'jmeter.reportgenerator.graph.connectTimeOverTime.exclude_controllers' not found, using default value 'false' instead.
2023-10-27 18:51:12,828 INFO o.a.j.r.c.ReportGeneratorConfiguration: Property 'jmeter.reportgenerator.graph.latenciesOverTime.exclude_controllers' not found, using default value 'false' instead.
2023-10-27 18:51:12,829 INFO o.a.j.r.c.ReportGeneratorConfiguration: Property 'jmeter.reportgenerator.exporter.json.filters_only_sample_series' not found, using default value 'true' instead.
2023-10-27 18:51:12,829 INFO o.a.j.r.c.ReportGeneratorConfiguration: Property 'jmeter.reportgenerator.exporter.json.series_filter' not found, using default value '' instead.
2023-10-27 18:51:12,829 INFO o.a.j.r.c.ReportGeneratorConfiguration: Property 'jmeter.reportgenerator.exporter.json.show_controllers_only' not found, using default value 'false' instead.
2023-10-27 18:51:12,829 INFO o.a.j.r.c.ReportGeneratorConfiguration: Property 'jmeter.reportgenerator.exporter.html.filters_only_sample_series' not found, using default value 'true' instead.
2023-10-27 18:51:12,829 INFO o.a.j.r.c.ReportGeneratorConfiguration: Property 'jmeter.reportgenerator.exporter.html.series_filter' not found, using default value '' instead.
2023-10-27 18:51:12,829 INFO o.a.j.r.c.ReportGeneratorConfiguration: Property 'jmeter.reportgenerator.exporter.html.show_controllers_only' not found, using default value 'false' instead.
2023-10-27 18:51:12,854 INFO o.a.j.e.StandardJMeterEngine: Running the test!
2023-10-27 18:51:12,855 INFO o.a.j.s.SampleEvent: List of sample_variables: []
2023-10-27 18:51:12,855 INFO o.a.j.s.SampleEvent: List of sample_variables: []
2023-10-27 18:51:12,860 INFO o.a.j.e.u.CompoundVariable: Note: Function class names must contain the string: '.functions.'
2023-10-27 18:51:12,860 INFO o.a.j.e.u.CompoundVariable: Note: Function class names must not contain the string: '.gui.'
2023-10-27 18:51:12,940 INFO o.a.j.JMeter: Running test (1698432672940)
2023-10-27 18:51:12,980 INFO o.a.j.e.StandardJMeterEngine: Starting ThreadGroup: 1 : Prueba 1
2023-10-27 18:51:12,981 INFO o.a.j.e.StandardJMeterEngine: Starting 10 threads for group Prueba 1.
2023-10-27 18:51:12,981 INFO o.a.j.e.StandardJMeterEngine: Thread will continue on error
2023-10-27 18:51:12,981 INFO o.a.j.t.ThreadGroup: Starting thread group... number=1 threads=10 ramp-up=1 delayedStart=false
2023-10-27 18:51:12,990 INFO o.a.j.t.JMeterThread: Thread started: Prueba 1 1-1
2023-10-27 18:51:13,009 INFO o.a.j.p.h.s.HTTPHCAbstractImpl: Local host = ip-172-31-85-55
2023-10-27 18:51:13,013 INFO o.a.j.t.ThreadGroup: Started thread group number 1
2023-10-27 18:51:13,013 INFO o.a.j.e.StandardJMeterEngine: All thread groups have been started
2023-10-27 18:51:13,016 INFO o.a.j.p.h.s.HTTPHC4Impl: HTTP request retry count = 0
2023-10-27 18:51:13,018 INFO o.a.j.s.SampleResult: Note: Sample TimeStamps are START times
2023-10-27 18:51:13,018 INFO o.a.j.s.SampleResult: sampleresult.default.encoding is set to UTF-8
2023-10-27 18:51:13,018 INFO o.a.j.s.SampleResult: sampleresult.useNanoTime=true
2023-10-27 18:51:13,018 INFO o.a.j.s.SampleResult: sampleresult.nanoThreadSleep=5000
2023-10-27 18:51:13,086 INFO o.a.j.t.JMeterThread: Thread started: Prueba 1 1-2
2023-10-27 18:51:13,107 INFO o.a.j.s.FileServer: Stored: ../salento-1080p.mp4
2023-10-27 18:51:13,185 INFO o.a.j.t.JMeterThread: Thread started: Prueba 1 1-3
2023-10-27 18:51:13,285 INFO o.a.j.t.JMeterThread: Thread started: Prueba 1 1-4
2023-10-27 18:51:13,384 INFO o.a.j.t.JMeterThread: Thread started: Prueba 1 1-5
2023-10-27 18:51:13,489 INFO o.a.j.t.JMeterThread: Thread started: Prueba 1 1-6
2023-10-27 18:51:13,595 INFO o.a.j.t.JMeterThread: Thread started: Prueba 1 1-7
2023-10-27 18:51:13,695 INFO o.a.j.t.JMeterThread: Thread started: Prueba 1 1-8
2023-10-27 18:51:13,796 INFO o.a.j.t.JMeterThread: Thread started: Prueba 1 1-9
2023-10-27 18:51:13,884 INFO o.a.j.t.JMeterThread: Thread started: Prueba 1 1-10
2023-10-27 18:51:30,012 INFO o.a.j.r.Summariser: summary +     28 in 00:00:17 =    1.6/s Avg:  5002 Min:  1621 Max: 11048 Err:     0 (0.00%) Active: 10 Started: 10 Finished: 0
2023-10-27 18:51:55,037 INFO o.a.j.t.JMeterThread: Thread is done: Prueba 1 1-1
2023-10-27 18:51:55,038 INFO o.a.j.t.JMeterThread: Thread finished: Prueba 1 1-1
2023-10-27 18:51:56,108 INFO o.a.j.t.JMeterThread: Thread is done: Prueba 1 1-2
2023-10-27 18:51:56,108 INFO o.a.j.t.JMeterThread: Thread finished: Prueba 1 1-2
2023-10-27 18:51:57,747 INFO o.a.j.t.JMeterThread: Thread is done: Prueba 1 1-8
2023-10-27 18:51:57,747 INFO o.a.j.t.JMeterThread: Thread finished: Prueba 1 1-8
2023-10-27 18:51:59,363 INFO o.a.j.t.JMeterThread: Thread is done: Prueba 1 1-9
2023-10-27 18:51:59,363 INFO o.a.j.t.JMeterThread: Thread finished: Prueba 1 1-9
2023-10-27 18:52:00,464 INFO o.a.j.r.Summariser: summary +     56 in 00:00:30 =    1.8/s Avg:  5446 Min:  3887 Max:  6696 Err:     0 (0.00%) Active: 6 Started: 10 Finished: 4
2023-10-27 18:52:00,464 INFO o.a.j.r.Summariser: summary =     84 in 00:00:48 =    1.8/s Avg:  5298 Min:  1621 Max: 11048 Err:     0 (0.00%)
2023-10-27 18:52:06,553 INFO o.a.j.t.JMeterThread: Thread is done: Prueba 1 1-3
2023-10-27 18:52:06,553 INFO o.a.j.t.JMeterThread: Thread finished: Prueba 1 1-3
2023-10-27 18:52:07,090 INFO o.a.j.t.JMeterThread: Thread is done: Prueba 1 1-6
2023-10-27 18:52:07,090 INFO o.a.j.t.JMeterThread: Thread finished: Prueba 1 1-6
2023-10-27 18:52:07,608 INFO o.a.j.t.JMeterThread: Thread is done: Prueba 1 1-10
2023-10-27 18:52:07,608 INFO o.a.j.t.JMeterThread: Thread finished: Prueba 1 1-10
2023-10-27 18:52:08,150 INFO o.a.j.t.JMeterThread: Thread is done: Prueba 1 1-4
2023-10-27 18:52:08,150 INFO o.a.j.t.JMeterThread: Thread finished: Prueba 1 1-4
2023-10-27 18:52:08,683 INFO o.a.j.t.JMeterThread: Thread is done: Prueba 1 1-7
2023-10-27 18:52:08,683 INFO o.a.j.t.JMeterThread: Thread finished: Prueba 1 1-7
2023-10-27 18:52:09,217 INFO o.a.j.t.JMeterThread: Thread is done: Prueba 1 1-5
2023-10-27 18:52:09,217 INFO o.a.j.t.JMeterThread: Thread finished: Prueba 1 1-5
2023-10-27 18:52:09,218 INFO o.a.j.e.StandardJMeterEngine: Notifying test listeners of end of test
2023-10-27 18:52:09,219 INFO o.a.j.r.Summariser: summary +     16 in 00:00:09 =    1.8/s Avg:  3494 Min:  3188 Max:  4387 Err:     0 (0.00%) Active: 0 Started: 10 Finished: 10
2023-10-27 18:52:09,220 INFO o.a.j.r.Summariser: summary =    100 in 00:00:56 =    1.8/s Avg:  5009 Min:  1621 Max: 11048 Err:     0 (0.00%)
2023-10-27 18:52:09,220 INFO o.a.j.JMeter: Generating Dashboard
2023-10-27 18:52:09,220 INFO o.a.j.r.d.ReportGenerator: Flushing result collector before report Generation
2023-10-27 18:52:09,230 INFO o.a.j.r.p.NormalizerSampleConsumer: Using format, 'ms', to parse timeStamp field
2023-10-27 18:52:09,331 INFO o.a.j.r.p.AbstractSampleConsumer: class org.apache.jmeter.report.processor.AggregateConsumer#stopProducing(): beginDate produced 0 samples
2023-10-27 18:52:09,331 INFO o.a.j.r.p.AbstractSampleConsumer: class org.apache.jmeter.report.processor.AggregateConsumer#stopProducing(): endDate produced 0 samples
2023-10-27 18:52:09,333 INFO o.a.j.r.p.AbstractSampleConsumer: class org.apache.jmeter.report.processor.ApdexSummaryConsumer#stopProducing(): apdexSummary produced 0 samples
2023-10-27 18:52:09,334 INFO o.a.j.r.p.AbstractSampleConsumer: class org.apache.jmeter.report.processor.RequestsSummaryConsumer#stopProducing(): requestsSummary produced 0 samples
2023-10-27 18:52:09,338 INFO o.a.j.r.p.AbstractSampleConsumer: class org.apache.jmeter.report.processor.StatisticsSummaryConsumer#stopProducing(): statisticsSummary produced 0 samples
2023-10-27 18:52:09,347 INFO o.a.j.r.p.AbstractSampleConsumer: class org.apache.jmeter.report.processor.Top5ErrorsBySamplerConsumer#stopProducing(): top5ErrorsBySampler produced 0 samples
2023-10-27 18:52:09,351 INFO o.a.j.r.p.AbstractSampleConsumer: class org.apache.jmeter.report.processor.ErrorsSummaryConsumer#stopProducing(): errorsSummary produced 0 samples
2023-10-27 18:52:09,351 INFO o.a.j.r.p.AbstractSampleConsumer: class org.apache.jmeter.report.processor.graph.impl.HitsPerSecondGraphConsumer#stopProducing(): hitsPerSecond produced 0 samples
2023-10-27 18:52:09,370 INFO o.a.j.r.p.AbstractSampleConsumer: class org.apache.jmeter.report.processor.graph.impl.LatencyVSRequestGraphConsumer#stopProducing(): latencyVsRequest produced 0 samples
2023-10-27 18:52:09,371 INFO o.a.j.r.p.AbstractSampleConsumer: class org.apache.jmeter.report.processor.graph.impl.SyntheticResponseTimeDistributionGraphConsumer#stopProducing(): syntheticResponseTimeDistribution produced 0 samples
2023-10-27 18:52:09,372 INFO o.a.j.r.p.AbstractSampleConsumer: class org.apache.jmeter.report.processor.graph.impl.BytesThroughputGraphConsumer#stopProducing(): bytesThroughputOverTime produced 0 samples
2023-10-27 18:52:09,372 INFO o.a.j.r.p.AbstractSampleConsumer: class org.apache.jmeter.report.processor.graph.impl.CodesPerSecondGraphConsumer#stopProducing(): codesPerSecond produced 0 samples
2023-10-27 18:52:09,380 INFO o.a.j.r.p.AbstractSampleConsumer: class org.apache.jmeter.report.processor.graph.impl.ResponseTimeVSRequestGraphConsumer#stopProducing(): responseTimeVsRequest produced 0 samples
2023-10-27 18:52:09,380 INFO o.a.j.r.p.AbstractSampleConsumer: class org.apache.jmeter.report.processor.FilterConsumer#stopProducing(): startIntervalControlerFilter produced 700 samples
2023-10-27 18:52:09,380 INFO o.a.j.r.p.AbstractSampleConsumer: class org.apache.jmeter.report.processor.graph.impl.TotalTPSGraphConsumer#stopProducing(): totalTPS produced 0 samples
2023-10-27 18:52:09,381 INFO o.a.j.r.p.AbstractSampleConsumer: class org.apache.jmeter.report.processor.graph.impl.ActiveThreadsGraphConsumer#stopProducing(): activeThreadsOverTime produced 0 samples
2023-10-27 18:52:09,381 INFO o.a.j.r.p.AbstractSampleConsumer: class org.apache.jmeter.report.processor.graph.impl.TimeVSThreadGraphConsumer#stopProducing(): timeVsThreads produced 0 samples
2023-10-27 18:52:09,381 INFO o.a.j.r.p.AbstractSampleConsumer: class org.apache.jmeter.report.processor.graph.impl.ResponseTimeDistributionGraphConsumer#stopProducing(): responseTimeDistribution produced 0 samples
2023-10-27 18:52:09,381 INFO o.a.j.r.p.AbstractSampleConsumer: class org.apache.jmeter.report.processor.graph.impl.TransactionsPerSecondGraphConsumer#stopProducing(): transactionsPerSecond produced 0 samples
2023-10-27 18:52:09,381 INFO o.a.j.r.p.AbstractSampleConsumer: class org.apache.jmeter.report.processor.graph.impl.ResponseTimePercentilesGraphConsumer#stopProducing(): responseTimePercentiles produced 0 samples
2023-10-27 18:52:09,386 INFO o.a.j.r.p.AbstractSampleConsumer: class org.apache.jmeter.report.processor.graph.impl.ResponseTimePercentilesOverTimeGraphConsumer#stopProducing(): responseTimePercentilesOverTime produced 0 samples
2023-10-27 18:52:09,386 INFO o.a.j.r.p.AbstractSampleConsumer: class org.apache.jmeter.report.processor.graph.impl.ResponseTimeOverTimeGraphConsumer#stopProducing(): responseTimesOverTime produced 0 samples
2023-10-27 18:52:09,386 INFO o.a.j.r.p.AbstractSampleConsumer: class org.apache.jmeter.report.processor.graph.impl.ConnectTimeOverTimeGraphConsumer#stopProducing(): connectTimeOverTime produced 0 samples
2023-10-27 18:52:09,386 INFO o.a.j.r.p.AbstractSampleConsumer: class org.apache.jmeter.report.processor.graph.impl.LatencyOverTimeGraphConsumer#stopProducing(): latenciesOverTime produced 0 samples
2023-10-27 18:52:09,387 INFO o.a.j.r.p.AbstractSampleConsumer: class org.apache.jmeter.report.processor.FilterConsumer#stopProducing(): nameFilter produced 1500 samples
2023-10-27 18:52:09,387 INFO o.a.j.r.p.AbstractSampleConsumer: class org.apache.jmeter.report.processor.FilterConsumer#stopProducing(): dateRangeFilter produced 300 samples
2023-10-27 18:52:09,387 INFO o.a.j.r.p.AbstractSampleConsumer: class org.apache.jmeter.report.processor.NormalizerSampleConsumer#stopProducing(): normalizer produced 100 samples
2023-10-27 18:52:09,387 INFO o.a.j.r.p.CsvFileSampleSource: produce(): 100 samples produced in 134ms on channel 0
2023-10-27 18:52:09,387 INFO o.a.j.r.d.ReportGenerator: Exporting data using exporter:'json' of className:'org.apache.jmeter.report.dashboard.JsonExporter'
2023-10-27 18:52:09,526 INFO o.a.j.r.d.JsonExporter: Found data for consumer statisticsSummary in context
2023-10-27 18:52:09,526 INFO o.a.j.r.d.JsonExporter: Creating statistics for overall
2023-10-27 18:52:09,527 INFO o.a.j.r.d.JsonExporter: Creating statistics for other transactions
2023-10-27 18:52:09,527 INFO o.a.j.r.d.JsonExporter: Checking output folder
2023-10-27 18:52:09,527 INFO o.a.j.r.d.JsonExporter: Writing statistics JSON to report-output/statistics.json
2023-10-27 18:52:09,571 INFO o.a.j.r.d.ReportGenerator: Exporting data using exporter:'html' of className:'org.apache.jmeter.report.dashboard.HtmlTemplateExporter'
2023-10-27 18:52:09,574 ERROR o.a.j.JMeter: Error generating the report: Cannot write to '/home/admin/jmeter/bin/report-output' as folder is not empty
java.lang.IllegalArgumentException: Cannot write to '/home/admin/jmeter/bin/report-output' as folder is not empty
	at org.apache.jorphan.util.JOrphanUtils.canSafelyWriteToFolder(JOrphanUtils.java:664) ~[jorphan.jar:5.6.2]
	at org.apache.jorphan.util.JOrphanUtils.canSafelyWriteToFolder(JOrphanUtils.java:607) ~[jorphan.jar:5.6.2]
	at org.apache.jmeter.report.dashboard.HtmlTemplateExporter.export(HtmlTemplateExporter.java:327) ~[ApacheJMeter_core.jar:5.6.2]
	at org.apache.jmeter.report.dashboard.ReportGenerator.exportData(ReportGenerator.java:383) ~[ApacheJMeter_core.jar:5.6.2]
	at org.apache.jmeter.report.dashboard.ReportGenerator.generate(ReportGenerator.java:261) ~[ApacheJMeter_core.jar:5.6.2]
	at org.apache.jmeter.JMeter$ListenToTest.endTest(JMeter.java:1285) [ApacheJMeter_core.jar:5.6.2]
	at org.apache.jmeter.JMeter$ListenToTest.testEnded(JMeter.java:1240) [ApacheJMeter_core.jar:5.6.2]
	at org.apache.jmeter.engine.StandardJMeterEngine.notifyTestListenersOfEnd(StandardJMeterEngine.java:258) [ApacheJMeter_core.jar:5.6.2]
	at org.apache.jmeter.engine.StandardJMeterEngine.run(StandardJMeterEngine.java:535) [ApacheJMeter_core.jar:5.6.2]
	at java.util.concurrent.Executors$RunnableAdapter.call(Executors.java:539) [?:?]
	at java.util.concurrent.FutureTask.run(FutureTask.java:264) [?:?]
	at java.util.concurrent.ThreadPoolExecutor.runWorker(ThreadPoolExecutor.java:1136) [?:?]
	at java.util.concurrent.ThreadPoolExecutor$Worker.run(ThreadPoolExecutor.java:635) [?:?]
	at java.lang.Thread.run(Thread.java:833) [?:?]
